<?xml version="1.0" encoding="utf-8"?>
<CoverageSession xmlns:xsd="http://www.w3.org/2001/XMLSchema" xmlns:xsi="http://www.w3.org/2001/XMLSchema-instance">
  <Summary numSequencePoints="474" visitedSequencePoints="392" numBranchPoints="37" visitedBranchPoints="6" sequenceCoverage="82.70" branchCoverage="16.22" maxCyclomaticComplexity="3" minCyclomaticComplexity="1" visitedClasses="2" numClasses="5" visitedMethods="4" numMethods="23" />
  <Modules>
    <Module skippedDueTo="Filter" hash="FC-91-39-F3-3E-82-BB-89-56-F7-CB-FA-B2-11-1B-41-34-CB-54-10">
      <FullName>C:\Windows\Microsoft.Net\assembly\GAC_32\mscorlib\v4.0_4.0.0.0__b77a5c561934e089\mscorlib.dll</FullName>
      <ModuleName>mscorlib</ModuleName>
      <Classes />
    </Module>
    <Module hash="F7-FD-82-D2-24-58-48-A9-9A-4E-B6-CD-DD-07-49-B8-74-1B-13-94">
      <Summary numSequencePoints="474" visitedSequencePoints="392" numBranchPoints="37" visitedBranchPoints="6" sequenceCoverage="82.70" branchCoverage="16.22" maxCyclomaticComplexity="3" minCyclomaticComplexity="1" visitedClasses="2" numClasses="5" visitedMethods="4" numMethods="23" />
      <FullName>C:\Tools\TestApplication\TestApplication\bin\Debug\TestApplication.exe</FullName>
      <ModuleName>TestApplication</ModuleName>
      <Files>
        <File uid="1" fullPath="c:\Tools\TestApplication\TestApplication\CustomMessageBox.Designer.cs" />
        <File uid="2" fullPath="c:\Tools\TestApplication\TestApplication\CustomMessageBox.cs" />
        <File uid="3" fullPath="c:\Tools\TestApplication\TestApplication\Form1.cs" />
        <File uid="4" fullPath="c:\Tools\TestApplication\TestApplication\Form1.Designer.cs" />
        <File uid="5" fullPath="c:\Tools\TestApplication\TestApplication\Program.cs" />
        <File uid="6" fullPath="c:\Tools\TestApplication\TestApplication\Properties\Resources.Designer.cs" />
        <File uid="7" fullPath="c:\Tools\TestApplication\TestApplication\Properties\Settings.Designer.cs" />
      </Files>
      <Classes>
        <Class>
          <Summary numSequencePoints="0" visitedSequencePoints="0" numBranchPoints="0" visitedBranchPoints="0" sequenceCoverage="0" branchCoverage="0" maxCyclomaticComplexity="0" minCyclomaticComplexity="0" visitedClasses="0" numClasses="0" visitedMethods="0" numMethods="0" />
          <FullName>&lt;Module&gt;</FullName>
          <Methods />
        </Class>
        <Class>
          <Summary numSequencePoints="21" visitedSequencePoints="0" numBranchPoints="7" visitedBranchPoints="0" sequenceCoverage="0" branchCoverage="0" maxCyclomaticComplexity="3" minCyclomaticComplexity="1" visitedClasses="0" numClasses="1" visitedMethods="0" numMethods="3" />
          <FullName>TestApplication.frmCustomMessageBox</FullName>
          <Methods>
            <Method visited="false" cyclomaticComplexity="1" sequenceCoverage="0" branchCoverage="0" isConstructor="true" isStatic="false" isGetter="false" isSetter="false">
              <Summary numSequencePoints="5" visitedSequencePoints="0" numBranchPoints="1" visitedBranchPoints="0" sequenceCoverage="0" branchCoverage="0" maxCyclomaticComplexity="1" minCyclomaticComplexity="1" visitedClasses="0" numClasses="0" visitedMethods="0" numMethods="1" />
              <MetadataToken>100663297</MetadataToken>
              <Name>System.Void TestApplication.frmCustomMessageBox::.ctor()</Name>
              <FileRef uid="1" />
              <SequencePoints>
                <SequencePoint vc="0" uspid="1" ordinal="0" offset="0" sl="8" sc="9" el="8" ec="68" bec="0" bev="0" fileid="1" />
                <SequencePoint vc="0" uspid="2" ordinal="1" offset="7" sl="15" sc="9" el="15" ec="37" bec="0" bev="0" fileid="2" />
                <SequencePoint vc="0" uspid="3" ordinal="2" offset="14" sl="16" sc="9" el="16" ec="10" bec="0" bev="0" fileid="2" />
                <SequencePoint vc="0" uspid="4" ordinal="3" offset="15" sl="17" sc="13" el="17" ec="35" bec="0" bev="0" fileid="2" />
                <SequencePoint vc="0" uspid="5" ordinal="4" offset="22" sl="18" sc="9" el="18" ec="10" bec="0" bev="0" fileid="2" />
              </SequencePoints>
              <BranchPoints />
              <MethodPoint xsi:type="SequencePoint" vc="0" uspid="1" ordinal="0" offset="0" sl="8" sc="9" el="8" ec="68" bec="0" bev="0" fileid="1" />
            </Method>
            <Method visited="false" cyclomaticComplexity="3" sequenceCoverage="0" branchCoverage="0" isConstructor="false" isStatic="false" isGetter="false" isSetter="false">
              <Summary numSequencePoints="7" visitedSequencePoints="0" numBranchPoints="5" visitedBranchPoints="0" sequenceCoverage="0" branchCoverage="0" maxCyclomaticComplexity="3" minCyclomaticComplexity="3" visitedClasses="0" numClasses="0" visitedMethods="0" numMethods="1" />
              <MetadataToken>100663298</MetadataToken>
              <Name>System.Void TestApplication.frmCustomMessageBox::Dispose(System.Boolean)</Name>
              <FileRef uid="1" />
              <SequencePoints>
                <SequencePoint vc="0" uspid="6" ordinal="0" offset="0" sl="15" sc="9" el="15" ec="10" bec="0" bev="0" fileid="1" />
                <SequencePoint vc="0" uspid="7" ordinal="1" offset="1" sl="16" sc="13" el="16" ec="51" bec="4" bev="0" fileid="1" />
                <SequencePoint vc="0" uspid="8" ordinal="2" offset="21" sl="17" sc="13" el="17" ec="14" bec="0" bev="0" fileid="1" />
                <SequencePoint vc="0" uspid="9" ordinal="3" offset="22" sl="18" sc="17" el="18" ec="38" bec="0" bev="0" fileid="1" />
                <SequencePoint vc="0" uspid="10" ordinal="4" offset="34" sl="19" sc="13" el="19" ec="14" bec="0" bev="0" fileid="1" />
                <SequencePoint vc="0" uspid="11" ordinal="5" offset="35" sl="20" sc="13" el="20" ec="37" bec="0" bev="0" fileid="1" />
                <SequencePoint vc="0" uspid="12" ordinal="6" offset="43" sl="21" sc="9" el="21" ec="10" bec="0" bev="0" fileid="1" />
              </SequencePoints>
              <BranchPoints>
                <BranchPoint vc="0" uspid="13" ordinal="0" offset="2" sl="16" path="0" offsetend="4" fileid="1" />
                <BranchPoint vc="0" uspid="14" ordinal="1" offset="2" sl="16" path="1" offsetend="15" fileid="1" />
                <BranchPoint vc="0" uspid="15" ordinal="2" offset="19" sl="16" path="0" offsetend="21" fileid="1" />
                <BranchPoint vc="0" uspid="16" ordinal="3" offset="19" sl="16" path="1" offsetend="35" fileid="1" />
              </BranchPoints>
              <MethodPoint xsi:type="SequencePoint" vc="0" uspid="6" ordinal="0" offset="0" sl="15" sc="9" el="15" ec="10" bec="0" bev="0" fileid="1" />
            </Method>
            <Method visited="false" cyclomaticComplexity="1" sequenceCoverage="0" branchCoverage="0" isConstructor="false" isStatic="false" isGetter="false" isSetter="false">
              <Summary numSequencePoints="9" visitedSequencePoints="0" numBranchPoints="1" visitedBranchPoints="0" sequenceCoverage="0" branchCoverage="0" maxCyclomaticComplexity="1" minCyclomaticComplexity="1" visitedClasses="0" numClasses="0" visitedMethods="0" numMethods="1" />
              <MetadataToken>100663299</MetadataToken>
              <Name>System.Void TestApplication.frmCustomMessageBox::InitializeComponent()</Name>
              <FileRef uid="1" />
              <SequencePoints>
                <SequencePoint vc="0" uspid="17" ordinal="0" offset="0" sl="30" sc="9" el="30" ec="10" bec="0" bev="0" fileid="1" />
                <SequencePoint vc="0" uspid="18" ordinal="1" offset="1" sl="31" sc="13" el="31" ec="34" bec="0" bev="0" fileid="1" />
                <SequencePoint vc="0" uspid="19" ordinal="2" offset="8" sl="35" sc="13" el="35" ec="74" bec="0" bev="0" fileid="1" />
                <SequencePoint vc="0" uspid="20" ordinal="3" offset="30" sl="36" sc="13" el="36" ec="74" bec="0" bev="0" fileid="1" />
                <SequencePoint vc="0" uspid="21" ordinal="4" offset="38" sl="37" sc="13" el="37" ec="65" bec="0" bev="0" fileid="1" />
                <SequencePoint vc="0" uspid="22" ordinal="5" offset="60" sl="38" sc="13" el="38" ec="47" bec="0" bev="0" fileid="1" />
                <SequencePoint vc="0" uspid="23" ordinal="6" offset="72" sl="39" sc="13" el="39" ec="44" bec="0" bev="0" fileid="1" />
                <SequencePoint vc="0" uspid="24" ordinal="7" offset="84" sl="40" sc="13" el="40" ec="38" bec="0" bev="0" fileid="1" />
                <SequencePoint vc="0" uspid="25" ordinal="8" offset="92" sl="42" sc="9" el="42" ec="10" bec="0" bev="0" fileid="1" />
              </SequencePoints>
              <BranchPoints />
              <MethodPoint xsi:type="SequencePoint" vc="0" uspid="17" ordinal="0" offset="0" sl="30" sc="9" el="30" ec="10" bec="0" bev="0" fileid="1" />
            </Method>
          </Methods>
        </Class>
        <Class>
          <Summary numSequencePoints="427" visitedSequencePoints="387" numBranchPoints="21" visitedBranchPoints="5" sequenceCoverage="90.63" branchCoverage="23.81" maxCyclomaticComplexity="3" minCyclomaticComplexity="1" visitedClasses="1" numClasses="1" visitedMethods="3" numMethods="13" />
          <FullName>TestApplication.MainForm</FullName>
          <Methods>
            <Method visited="true" cyclomaticComplexity="1" sequenceCoverage="100" branchCoverage="100" isConstructor="true" isStatic="false" isGetter="false" isSetter="false">
              <Summary numSequencePoints="8" visitedSequencePoints="8" numBranchPoints="1" visitedBranchPoints="1" sequenceCoverage="100" branchCoverage="100" maxCyclomaticComplexity="1" minCyclomaticComplexity="1" visitedClasses="0" numClasses="0" visitedMethods="1" numMethods="1" />
              <MetadataToken>100663300</MetadataToken>
              <Name>System.Void TestApplication.MainForm::.ctor()</Name>
              <FileRef uid="3" />
              <SequencePoints>
                <SequencePoint vc="1" uspid="26" ordinal="0" offset="0" sl="78" sc="9" el="78" ec="64" bec="0" bev="0" fileid="3" />
                <SequencePoint vc="1" uspid="27" ordinal="1" offset="18" sl="8" sc="9" el="8" ec="68" bec="0" bev="0" fileid="4" />
                <SequencePoint vc="1" uspid="28" ordinal="2" offset="25" sl="17" sc="9" el="17" ec="26" bec="0" bev="0" fileid="3" />
                <SequencePoint vc="1" uspid="29" ordinal="3" offset="32" sl="18" sc="9" el="18" ec="10" bec="0" bev="0" fileid="3" />
                <SequencePoint vc="1" uspid="30" ordinal="4" offset="33" sl="19" sc="13" el="19" ec="35" bec="0" bev="0" fileid="3" />
                <SequencePoint vc="1" uspid="31" ordinal="5" offset="40" sl="20" sc="13" el="20" ec="26" bec="0" bev="0" fileid="3" />
                <SequencePoint vc="1" uspid="32" ordinal="6" offset="46" sl="21" sc="13" el="21" ec="36" bec="0" bev="0" fileid="3" />
                <SequencePoint vc="1" uspid="33" ordinal="7" offset="54" sl="22" sc="9" el="22" ec="10" bec="0" bev="0" fileid="3" />
              </SequencePoints>
              <BranchPoints />
              <MethodPoint xsi:type="SequencePoint" vc="1" uspid="26" ordinal="0" offset="0" sl="78" sc="9" el="78" ec="64" bec="0" bev="0" fileid="3" />
            </Method>
            <Method visited="false" cyclomaticComplexity="1" sequenceCoverage="0" branchCoverage="0" isConstructor="false" isStatic="false" isGetter="false" isSetter="false">
              <Summary numSequencePoints="4" visitedSequencePoints="0" numBranchPoints="1" visitedBranchPoints="0" sequenceCoverage="0" branchCoverage="0" maxCyclomaticComplexity="1" minCyclomaticComplexity="1" visitedClasses="0" numClasses="0" visitedMethods="0" numMethods="1" />
              <MetadataToken>100663301</MetadataToken>
              <Name>System.Void TestApplication.MainForm::opensPopupToolStripMenuItem_Click(System.Object,System.EventArgs)</Name>
              <FileRef uid="3" />
              <SequencePoints>
                <SequencePoint vc="0" uspid="34" ordinal="0" offset="0" sl="25" sc="9" el="25" ec="10" bec="0" bev="0" fileid="3" />
                <SequencePoint vc="0" uspid="35" ordinal="1" offset="1" sl="26" sc="13" el="26" ec="80" bec="0" bev="0" fileid="3" />
                <SequencePoint vc="0" uspid="36" ordinal="2" offset="7" sl="28" sc="13" el="28" ec="49" bec="0" bev="0" fileid="3" />
                <SequencePoint vc="0" uspid="37" ordinal="3" offset="15" sl="29" sc="9" el="29" ec="10" bec="0" bev="0" fileid="3" />
              </SequencePoints>
              <BranchPoints />
              <MethodPoint xsi:type="SequencePoint" vc="0" uspid="34" ordinal="0" offset="0" sl="25" sc="9" el="25" ec="10" bec="0" bev="0" fileid="3" />
            </Method>
            <Method visited="false" cyclomaticComplexity="2" sequenceCoverage="0" branchCoverage="0" isConstructor="false" isStatic="false" isGetter="false" isSetter="false">
              <Summary numSequencePoints="11" visitedSequencePoints="0" numBranchPoints="3" visitedBranchPoints="0" sequenceCoverage="0" branchCoverage="0" maxCyclomaticComplexity="2" minCyclomaticComplexity="2" visitedClasses="0" numClasses="0" visitedMethods="0" numMethods="1" />
              <MetadataToken>100663302</MetadataToken>
              <Name>System.Void TestApplication.MainForm::btnStatusBar_Click(System.Object,System.EventArgs)</Name>
              <FileRef uid="3" />
              <SequencePoints>
                <SequencePoint vc="0" uspid="38" ordinal="0" offset="0" sl="32" sc="9" el="32" ec="10" bec="0" bev="0" fileid="3" />
                <SequencePoint vc="0" uspid="39" ordinal="1" offset="1" sl="33" sc="18" el="33" ec="28" bec="0" bev="0" fileid="3" />
                <SequencePoint vc="0" uspid="40" ordinal="2" offset="5" sl="34" sc="13" el="34" ec="14" bec="0" bev="0" fileid="3" />
                <SequencePoint vc="0" uspid="41" ordinal="3" offset="6" sl="35" sc="17" el="35" ec="58" bec="0" bev="0" fileid="3" />
                <SequencePoint vc="0" uspid="42" ordinal="4" offset="36" sl="36" sc="17" el="36" ec="38" bec="0" bev="0" fileid="3" />
                <SequencePoint vc="0" uspid="43" ordinal="5" offset="48" sl="37" sc="17" el="37" ec="34" bec="0" bev="0" fileid="3" />
                <SequencePoint vc="0" uspid="44" ordinal="6" offset="56" sl="38" sc="13" el="38" ec="14" bec="0" bev="0" fileid="3" />
                <SequencePoint vc="0" uspid="45" ordinal="7" offset="57" sl="33" sc="37" el="33" ec="40" bec="0" bev="0" fileid="3" />
                <SequencePoint vc="0" uspid="46" ordinal="8" offset="61" sl="33" sc="29" el="33" ec="35" bec="2" bev="0" fileid="3" />
                <SequencePoint vc="0" uspid="47" ordinal="9" offset="70" sl="39" sc="13" el="39" ec="44" bec="0" bev="0" fileid="3" />
                <SequencePoint vc="0" uspid="48" ordinal="10" offset="98" sl="40" sc="9" el="40" ec="10" bec="0" bev="0" fileid="3" />
              </SequencePoints>
              <BranchPoints>
                <BranchPoint vc="0" uspid="49" ordinal="0" offset="68" sl="33" path="0" offsetend="70" fileid="3" />
                <BranchPoint vc="0" uspid="50" ordinal="1" offset="68" sl="33" path="1" offsetend="5" fileid="3" />
              </BranchPoints>
              <MethodPoint xsi:type="SequencePoint" vc="0" uspid="38" ordinal="0" offset="0" sl="32" sc="9" el="32" ec="10" bec="0" bev="0" fileid="3" />
            </Method>
            <Method visited="false" cyclomaticComplexity="1" sequenceCoverage="0" branchCoverage="0" isConstructor="false" isStatic="false" isGetter="false" isSetter="false">
              <Summary numSequencePoints="2" visitedSequencePoints="0" numBranchPoints="1" visitedBranchPoints="0" sequenceCoverage="0" branchCoverage="0" maxCyclomaticComplexity="1" minCyclomaticComplexity="1" visitedClasses="0" numClasses="0" visitedMethods="0" numMethods="1" />
              <MetadataToken>100663303</MetadataToken>
              <Name>System.Void TestApplication.MainForm::lblTextBox_Click(System.Object,System.EventArgs)</Name>
              <FileRef uid="3" />
              <SequencePoints>
                <SequencePoint vc="0" uspid="51" ordinal="0" offset="0" sl="43" sc="9" el="43" ec="10" bec="0" bev="0" fileid="3" />
                <SequencePoint vc="0" uspid="52" ordinal="1" offset="1" sl="46" sc="9" el="46" ec="10" bec="0" bev="0" fileid="3" />
              </SequencePoints>
              <BranchPoints />
              <MethodPoint xsi:type="SequencePoint" vc="0" uspid="51" ordinal="0" offset="0" sl="43" sc="9" el="43" ec="10" bec="0" bev="0" fileid="3" />
            </Method>
            <Method visited="false" cyclomaticComplexity="1" sequenceCoverage="0" branchCoverage="0" isConstructor="false" isStatic="false" isGetter="false" isSetter="false">
              <Summary numSequencePoints="4" visitedSequencePoints="0" numBranchPoints="1" visitedBranchPoints="0" sequenceCoverage="0" branchCoverage="0" maxCyclomaticComplexity="1" minCyclomaticComplexity="1" visitedClasses="0" numClasses="0" visitedMethods="0" numMethods="1" />
              <MetadataToken>100663304</MetadataToken>
              <Name>System.Void TestApplication.MainForm::conSubItem2ToolStripMenuItem_Click(System.Object,System.EventArgs)</Name>
              <FileRef uid="3" />
              <SequencePoints>
                <SequencePoint vc="0" uspid="53" ordinal="0" offset="0" sl="49" sc="9" el="49" ec="10" bec="0" bev="0" fileid="3" />
                <SequencePoint vc="0" uspid="54" ordinal="1" offset="1" sl="50" sc="13" el="50" ec="80" bec="0" bev="0" fileid="3" />
                <SequencePoint vc="0" uspid="55" ordinal="2" offset="7" sl="52" sc="13" el="52" ec="49" bec="0" bev="0" fileid="3" />
                <SequencePoint vc="0" uspid="56" ordinal="3" offset="15" sl="53" sc="9" el="53" ec="10" bec="0" bev="0" fileid="3" />
              </SequencePoints>
              <BranchPoints />
              <MethodPoint xsi:type="SequencePoint" vc="0" uspid="53" ordinal="0" offset="0" sl="49" sc="9" el="49" ec="10" bec="0" bev="0" fileid="3" />
            </Method>
            <Method visited="false" cyclomaticComplexity="2" sequenceCoverage="0" branchCoverage="0" isConstructor="false" isStatic="false" isGetter="false" isSetter="false">
              <Summary numSequencePoints="9" visitedSequencePoints="0" numBranchPoints="3" visitedBranchPoints="0" sequenceCoverage="0" branchCoverage="0" maxCyclomaticComplexity="2" minCyclomaticComplexity="2" visitedClasses="0" numClasses="0" visitedMethods="0" numMethods="1" />
              <MetadataToken>100663305</MetadataToken>
              <Name>System.Void TestApplication.MainForm::checkBox1_CheckedChanged(System.Object,System.EventArgs)</Name>
              <FileRef uid="3" />
              <SequencePoints>
                <SequencePoint vc="0" uspid="57" ordinal="0" offset="0" sl="56" sc="9" el="56" ec="10" bec="0" bev="0" fileid="3" />
                <SequencePoint vc="0" uspid="58" ordinal="1" offset="1" sl="57" sc="13" el="57" ec="46" bec="0" bev="0" fileid="3" />
                <SequencePoint vc="0" uspid="59" ordinal="2" offset="13" sl="64" sc="18" el="64" ec="28" bec="0" bev="0" fileid="3" />
                <SequencePoint vc="0" uspid="60" ordinal="3" offset="17" sl="65" sc="13" el="65" ec="14" bec="0" bev="0" fileid="3" />
                <SequencePoint vc="0" uspid="61" ordinal="4" offset="18" sl="66" sc="17" el="66" ec="77" bec="0" bev="0" fileid="3" />
                <SequencePoint vc="0" uspid="62" ordinal="5" offset="57" sl="67" sc="13" el="67" ec="14" bec="0" bev="0" fileid="3" />
                <SequencePoint vc="0" uspid="63" ordinal="6" offset="58" sl="64" sc="56" el="64" ec="59" bec="0" bev="0" fileid="3" />
                <SequencePoint vc="0" uspid="64" ordinal="7" offset="62" sl="64" sc="29" el="64" ec="54" bec="2" bev="0" fileid="3" />
                <SequencePoint vc="0" uspid="65" ordinal="8" offset="85" sl="74" sc="9" el="74" ec="10" bec="0" bev="0" fileid="3" />
              </SequencePoints>
              <BranchPoints>
                <BranchPoint vc="0" uspid="66" ordinal="0" offset="83" sl="64" path="0" offsetend="85" fileid="3" />
                <BranchPoint vc="0" uspid="67" ordinal="1" offset="83" sl="64" path="1" offsetend="17" fileid="3" />
              </BranchPoints>
              <MethodPoint xsi:type="SequencePoint" vc="0" uspid="57" ordinal="0" offset="0" sl="56" sc="9" el="56" ec="10" bec="0" bev="0" fileid="3" />
            </Method>
            <Method visited="false" cyclomaticComplexity="1" sequenceCoverage="0" branchCoverage="0" isConstructor="false" isStatic="true" isGetter="false" isSetter="false">
              <Summary numSequencePoints="2" visitedSequencePoints="0" numBranchPoints="1" visitedBranchPoints="0" sequenceCoverage="0" branchCoverage="0" maxCyclomaticComplexity="1" minCyclomaticComplexity="1" visitedClasses="0" numClasses="0" visitedMethods="0" numMethods="1" />
              <MetadataToken>100663306</MetadataToken>
              <Name>System.Void TestApplication.MainForm::foo()</Name>
              <FileRef uid="3" />
              <SequencePoints>
                <SequencePoint vc="0" uspid="68" ordinal="0" offset="0" sl="81" sc="9" el="81" ec="10" bec="0" bev="0" fileid="3" />
                <SequencePoint vc="0" uspid="69" ordinal="1" offset="1" sl="83" sc="9" el="83" ec="10" bec="0" bev="0" fileid="3" />
              </SequencePoints>
              <BranchPoints />
              <MethodPoint xsi:type="SequencePoint" vc="0" uspid="68" ordinal="0" offset="0" sl="81" sc="9" el="81" ec="10" bec="0" bev="0" fileid="3" />
            </Method>
            <Method visited="false" cyclomaticComplexity="1" sequenceCoverage="0" branchCoverage="0" isConstructor="false" isStatic="false" isGetter="false" isSetter="false">
              <Summary numSequencePoints="2" visitedSequencePoints="0" numBranchPoints="1" visitedBranchPoints="0" sequenceCoverage="0" branchCoverage="0" maxCyclomaticComplexity="1" minCyclomaticComplexity="1" visitedClasses="0" numClasses="0" visitedMethods="0" numMethods="1" />
              <MetadataToken>100663307</MetadataToken>
              <Name>System.Void TestApplication.MainForm::comboBox1_SelectedIndexChanged(System.Object,System.EventArgs)</Name>
              <FileRef uid="3" />
              <SequencePoints>
                <SequencePoint vc="0" uspid="70" ordinal="0" offset="0" sl="86" sc="9" el="86" ec="10" bec="0" bev="0" fileid="3" />
                <SequencePoint vc="0" uspid="71" ordinal="1" offset="1" sl="90" sc="9" el="90" ec="10" bec="0" bev="0" fileid="3" />
              </SequencePoints>
              <BranchPoints />
              <MethodPoint xsi:type="SequencePoint" vc="0" uspid="70" ordinal="0" offset="0" sl="86" sc="9" el="86" ec="10" bec="0" bev="0" fileid="3" />
            </Method>
            <Method visited="false" cyclomaticComplexity="1" sequenceCoverage="0" branchCoverage="0" isConstructor="false" isStatic="false" isGetter="false" isSetter="false">
              <Summary numSequencePoints="2" visitedSequencePoints="0" numBranchPoints="1" visitedBranchPoints="0" sequenceCoverage="0" branchCoverage="0" maxCyclomaticComplexity="1" minCyclomaticComplexity="1" visitedClasses="0" numClasses="0" visitedMethods="0" numMethods="1" />
              <MetadataToken>100663308</MetadataToken>
              <Name>System.Void TestApplication.MainForm::listBox1_SelectedIndexChanged(System.Object,System.EventArgs)</Name>
              <FileRef uid="3" />
              <SequencePoints>
                <SequencePoint vc="0" uspid="72" ordinal="0" offset="0" sl="93" sc="9" el="93" ec="10" bec="0" bev="0" fileid="3" />
                <SequencePoint vc="0" uspid="73" ordinal="1" offset="1" sl="95" sc="9" el="95" ec="10" bec="0" bev="0" fileid="3" />
              </SequencePoints>
              <BranchPoints />
              <MethodPoint xsi:type="SequencePoint" vc="0" uspid="72" ordinal="0" offset="0" sl="93" sc="9" el="93" ec="10" bec="0" bev="0" fileid="3" />
            </Method>
            <Method visited="false" cyclomaticComplexity="1" sequenceCoverage="0" branchCoverage="0" isConstructor="false" isStatic="false" isGetter="false" isSetter="false">
              <Summary numSequencePoints="2" visitedSequencePoints="0" numBranchPoints="1" visitedBranchPoints="0" sequenceCoverage="0" branchCoverage="0" maxCyclomaticComplexity="1" minCyclomaticComplexity="1" visitedClasses="0" numClasses="0" visitedMethods="0" numMethods="1" />
              <MetadataToken>100663309</MetadataToken>
              <Name>System.Void TestApplication.MainForm::treeView1_AfterSelect(System.Object,System.Windows.Forms.TreeViewEventArgs)</Name>
              <FileRef uid="3" />
              <SequencePoints>
                <SequencePoint vc="0" uspid="74" ordinal="0" offset="0" sl="98" sc="9" el="98" ec="10" bec="0" bev="0" fileid="3" />
                <SequencePoint vc="0" uspid="75" ordinal="1" offset="1" sl="100" sc="9" el="100" ec="10" bec="0" bev="0" fileid="3" />
              </SequencePoints>
              <BranchPoints />
              <MethodPoint xsi:type="SequencePoint" vc="0" uspid="74" ordinal="0" offset="0" sl="98" sc="9" el="98" ec="10" bec="0" bev="0" fileid="3" />
            </Method>
            <Method visited="false" cyclomaticComplexity="1" sequenceCoverage="0" branchCoverage="0" isConstructor="false" isStatic="false" isGetter="false" isSetter="false">
              <Summary numSequencePoints="2" visitedSequencePoints="0" numBranchPoints="1" visitedBranchPoints="0" sequenceCoverage="0" branchCoverage="0" maxCyclomaticComplexity="1" minCyclomaticComplexity="1" visitedClasses="0" numClasses="0" visitedMethods="0" numMethods="1" />
              <MetadataToken>100663310</MetadataToken>
              <Name>System.Void TestApplication.MainForm::listView1_SelectedIndexChanged(System.Object,System.EventArgs)</Name>
              <FileRef uid="3" />
              <SequencePoints>
                <SequencePoint vc="0" uspid="76" ordinal="0" offset="0" sl="103" sc="9" el="103" ec="10" bec="0" bev="0" fileid="3" />
                <SequencePoint vc="0" uspid="77" ordinal="1" offset="1" sl="126" sc="9" el="126" ec="10" bec="0" bev="0" fileid="3" />
              </SequencePoints>
              <BranchPoints />
              <MethodPoint xsi:type="SequencePoint" vc="0" uspid="76" ordinal="0" offset="0" sl="103" sc="9" el="103" ec="10" bec="0" bev="0" fileid="3" />
            </Method>
            <Method visited="true" cyclomaticComplexity="3" sequenceCoverage="100" branchCoverage="60" isConstructor="false" isStatic="false" isGetter="false" isSetter="false">
              <Summary numSequencePoints="7" visitedSequencePoints="7" numBranchPoints="5" visitedBranchPoints="3" sequenceCoverage="100" branchCoverage="60" maxCyclomaticComplexity="3" minCyclomaticComplexity="3" visitedClasses="0" numClasses="0" visitedMethods="1" numMethods="1" />
              <MetadataToken>100663311</MetadataToken>
              <Name>System.Void TestApplication.MainForm::Dispose(System.Boolean)</Name>
              <FileRef uid="4" />
              <SequencePoints>
                <SequencePoint vc="1" uspid="78" ordinal="0" offset="0" sl="15" sc="9" el="15" ec="10" bec="0" bev="0" fileid="4" />
                <SequencePoint vc="1" uspid="79" ordinal="1" offset="1" sl="16" sc="13" el="16" ec="51" bec="4" bev="2" fileid="4" />
                <SequencePoint vc="1" uspid="80" ordinal="2" offset="21" sl="17" sc="13" el="17" ec="14" bec="0" bev="0" fileid="4" />
                <SequencePoint vc="1" uspid="81" ordinal="3" offset="22" sl="18" sc="17" el="18" ec="38" bec="0" bev="0" fileid="4" />
                <SequencePoint vc="1" uspid="82" ordinal="4" offset="34" sl="19" sc="13" el="19" ec="14" bec="0" bev="0" fileid="4" />
                <SequencePoint vc="1" uspid="83" ordinal="5" offset="35" sl="20" sc="13" el="20" ec="37" bec="0" bev="0" fileid="4" />
                <SequencePoint vc="1" uspid="84" ordinal="6" offset="43" sl="21" sc="9" el="21" ec="10" bec="0" bev="0" fileid="4" />
              </SequencePoints>
              <BranchPoints>
                <BranchPoint vc="1" uspid="85" ordinal="0" offset="2" sl="16" path="0" offsetend="4" fileid="4" />
                <BranchPoint vc="0" uspid="86" ordinal="1" offset="2" sl="16" path="1" offsetend="15" fileid="4" />
                <BranchPoint vc="1" uspid="87" ordinal="2" offset="19" sl="16" path="0" offsetend="21" fileid="4" />
                <BranchPoint vc="0" uspid="88" ordinal="3" offset="19" sl="16" path="1" offsetend="35" fileid="4" />
              </BranchPoints>
              <MethodPoint xsi:type="SequencePoint" vc="1" uspid="78" ordinal="0" offset="0" sl="15" sc="9" el="15" ec="10" bec="0" bev="0" fileid="4" />
            </Method>
            <Method visited="true" cyclomaticComplexity="1" sequenceCoverage="100" branchCoverage="100" isConstructor="false" isStatic="false" isGetter="false" isSetter="false">
              <Summary numSequencePoints="372" visitedSequencePoints="372" numBranchPoints="1" visitedBranchPoints="1" sequenceCoverage="100" branchCoverage="100" maxCyclomaticComplexity="1" minCyclomaticComplexity="1" visitedClasses="0" numClasses="0" visitedMethods="1" numMethods="1" />
              <MetadataToken>100663312</MetadataToken>
              <Name>System.Void TestApplication.MainForm::InitializeComponent()</Name>
              <FileRef uid="4" />
              <SequencePoints>
                <SequencePoint vc="1" uspid="89" ordinal="0" offset="0" sl="30" sc="9" el="30" ec="10" bec="0" bev="0" fileid="4" />
                <SequencePoint vc="1" uspid="90" ordinal="1" offset="1" sl="31" sc="13" el="31" ec="69" bec="0" bev="0" fileid="4" />
                <SequencePoint vc="1" uspid="91" ordinal="2" offset="12" sl="32" sc="13" el="32" ec="98" bec="0" bev="0" fileid="4" />
                <SequencePoint vc="1" uspid="92" ordinal="3" offset="23" sl="33" sc="13" el="33" ec="98" bec="0" bev="0" fileid="4" />
                <SequencePoint vc="1" uspid="93" ordinal="4" offset="34" sl="34" sc="13" el="34" ec="98" bec="0" bev="0" fileid="4" />
                <SequencePoint vc="1" uspid="94" ordinal="5" offset="45" sl="35" sc="13" el="37" ec="25" bec="0" bev="0" fileid="4" />
                <SequencePoint vc="1" uspid="95" ordinal="6" offset="76" sl="38" sc="13" el="38" ec="98" bec="0" bev="0" fileid="4" />
                <SequencePoint vc="1" uspid="96" ordinal="7" offset="88" sl="39" sc="13" el="42" ec="25" bec="0" bev="0" fileid="4" />
                <SequencePoint vc="1" uspid="97" ordinal="8" offset="126" sl="43" sc="13" el="43" ec="98" bec="0" bev="0" fileid="4" />
                <SequencePoint vc="1" uspid="98" ordinal="9" offset="138" sl="44" sc="13" el="44" ec="98" bec="0" bev="0" fileid="4" />
                <SequencePoint vc="1" uspid="99" ordinal="10" offset="150" sl="45" sc="13" el="45" ec="99" bec="0" bev="0" fileid="4" />
                <SequencePoint vc="1" uspid="100" ordinal="11" offset="162" sl="46" sc="13" el="47" ec="25" bec="0" bev="0" fileid="4" />
                <SequencePoint vc="1" uspid="101" ordinal="12" offset="190" sl="48" sc="13" el="51" ec="26" bec="0" bev="0" fileid="4" />
                <SequencePoint vc="1" uspid="102" ordinal="13" offset="230" sl="52" sc="13" el="52" ec="165" bec="0" bev="0" fileid="4" />
                <SequencePoint vc="1" uspid="103" ordinal="14" offset="243" sl="53" sc="13" el="58" ec="23" bec="0" bev="0" fileid="4" />
                <SequencePoint vc="1" uspid="104" ordinal="15" offset="306" sl="59" sc="13" el="64" ec="23" bec="0" bev="0" fileid="4" />
                <SequencePoint vc="1" uspid="105" ordinal="16" offset="369" sl="65" sc="13" el="70" ec="23" bec="0" bev="0" fileid="4" />
                <SequencePoint vc="1" uspid="106" ordinal="17" offset="432" sl="71" sc="13" el="76" ec="24" bec="0" bev="0" fileid="4" />
                <SequencePoint vc="1" uspid="107" ordinal="18" offset="495" sl="77" sc="13" el="81" ec="23" bec="0" bev="0" fileid="4" />
                <SequencePoint vc="1" uspid="108" ordinal="19" offset="549" sl="82" sc="13" el="82" ec="107" bec="0" bev="0" fileid="4" />
                <SequencePoint vc="1" uspid="109" ordinal="20" offset="561" sl="83" sc="13" el="83" ec="107" bec="0" bev="0" fileid="4" />
                <SequencePoint vc="1" uspid="110" ordinal="21" offset="573" sl="84" sc="13" el="84" ec="107" bec="0" bev="0" fileid="4" />
                <SequencePoint vc="1" uspid="111" ordinal="22" offset="585" sl="85" sc="13" el="85" ec="107" bec="0" bev="0" fileid="4" />
                <SequencePoint vc="1" uspid="112" ordinal="23" offset="597" sl="86" sc="13" el="86" ec="108" bec="0" bev="0" fileid="4" />
                <SequencePoint vc="1" uspid="113" ordinal="24" offset="609" sl="87" sc="13" el="87" ec="108" bec="0" bev="0" fileid="4" />
                <SequencePoint vc="1" uspid="114" ordinal="25" offset="621" sl="88" sc="13" el="88" ec="108" bec="0" bev="0" fileid="4" />
                <SequencePoint vc="1" uspid="115" ordinal="26" offset="633" sl="89" sc="13" el="89" ec="108" bec="0" bev="0" fileid="4" />
                <SequencePoint vc="1" uspid="116" ordinal="27" offset="645" sl="90" sc="13" el="90" ec="108" bec="0" bev="0" fileid="4" />
                <SequencePoint vc="1" uspid="117" ordinal="28" offset="657" sl="91" sc="13" el="91" ec="108" bec="0" bev="0" fileid="4" />
                <SequencePoint vc="1" uspid="118" ordinal="29" offset="669" sl="92" sc="13" el="92" ec="108" bec="0" bev="0" fileid="4" />
                <SequencePoint vc="1" uspid="119" ordinal="30" offset="681" sl="93" sc="13" el="93" ec="108" bec="0" bev="0" fileid="4" />
                <SequencePoint vc="1" uspid="120" ordinal="31" offset="693" sl="94" sc="13" el="94" ec="108" bec="0" bev="0" fileid="4" />
                <SequencePoint vc="1" uspid="121" ordinal="32" offset="705" sl="95" sc="13" el="95" ec="108" bec="0" bev="0" fileid="4" />
                <SequencePoint vc="1" uspid="122" ordinal="33" offset="717" sl="96" sc="13" el="96" ec="108" bec="0" bev="0" fileid="4" />
                <SequencePoint vc="1" uspid="123" ordinal="34" offset="729" sl="97" sc="13" el="97" ec="108" bec="0" bev="0" fileid="4" />
                <SequencePoint vc="1" uspid="124" ordinal="35" offset="741" sl="98" sc="13" el="98" ec="109" bec="0" bev="0" fileid="4" />
                <SequencePoint vc="1" uspid="125" ordinal="36" offset="753" sl="99" sc="13" el="99" ec="99" bec="0" bev="0" fileid="4" />
                <SequencePoint vc="1" uspid="126" ordinal="37" offset="765" sl="100" sc="13" el="100" ec="99" bec="0" bev="0" fileid="4" />
                <SequencePoint vc="1" uspid="127" ordinal="38" offset="777" sl="101" sc="13" el="102" ec="26" bec="0" bev="0" fileid="4" />
                <SequencePoint vc="1" uspid="128" ordinal="39" offset="805" sl="103" sc="13" el="105" ec="26" bec="0" bev="0" fileid="4" />
                <SequencePoint vc="1" uspid="129" ordinal="40" offset="839" sl="106" sc="13" el="106" ec="99" bec="0" bev="0" fileid="4" />
                <SequencePoint vc="1" uspid="130" ordinal="41" offset="851" sl="107" sc="13" el="109" ec="26" bec="0" bev="0" fileid="4" />
                <SequencePoint vc="1" uspid="131" ordinal="42" offset="885" sl="110" sc="13" el="110" ec="99" bec="0" bev="0" fileid="4" />
                <SequencePoint vc="1" uspid="132" ordinal="43" offset="897" sl="111" sc="13" el="112" ec="26" bec="0" bev="0" fileid="4" />
                <SequencePoint vc="1" uspid="133" ordinal="44" offset="925" sl="113" sc="13" el="113" ec="99" bec="0" bev="0" fileid="4" />
                <SequencePoint vc="1" uspid="134" ordinal="45" offset="937" sl="114" sc="13" el="116" ec="26" bec="0" bev="0" fileid="4" />
                <SequencePoint vc="1" uspid="135" ordinal="46" offset="971" sl="117" sc="13" el="117" ec="99" bec="0" bev="0" fileid="4" />
                <SequencePoint vc="1" uspid="136" ordinal="47" offset="983" sl="118" sc="13" el="118" ec="99" bec="0" bev="0" fileid="4" />
                <SequencePoint vc="1" uspid="137" ordinal="48" offset="995" sl="119" sc="13" el="120" ec="26" bec="0" bev="0" fileid="4" />
                <SequencePoint vc="1" uspid="138" ordinal="49" offset="1023" sl="121" sc="13" el="122" ec="26" bec="0" bev="0" fileid="4" />
                <SequencePoint vc="1" uspid="139" ordinal="50" offset="1051" sl="123" sc="13" el="123" ec="99" bec="0" bev="0" fileid="4" />
                <SequencePoint vc="1" uspid="140" ordinal="51" offset="1063" sl="124" sc="13" el="126" ec="26" bec="0" bev="0" fileid="4" />
                <SequencePoint vc="1" uspid="141" ordinal="52" offset="1097" sl="127" sc="13" el="127" ec="107" bec="0" bev="0" fileid="4" />
                <SequencePoint vc="1" uspid="142" ordinal="53" offset="1109" sl="128" sc="13" el="128" ec="107" bec="0" bev="0" fileid="4" />
                <SequencePoint vc="1" uspid="143" ordinal="54" offset="1121" sl="129" sc="13" el="129" ec="107" bec="0" bev="0" fileid="4" />
                <SequencePoint vc="1" uspid="144" ordinal="55" offset="1133" sl="130" sc="13" el="130" ec="107" bec="0" bev="0" fileid="4" />
                <SequencePoint vc="1" uspid="145" ordinal="56" offset="1145" sl="131" sc="13" el="131" ec="107" bec="0" bev="0" fileid="4" />
                <SequencePoint vc="1" uspid="146" ordinal="57" offset="1157" sl="132" sc="13" el="132" ec="107" bec="0" bev="0" fileid="4" />
                <SequencePoint vc="1" uspid="147" ordinal="58" offset="1169" sl="133" sc="13" el="133" ec="107" bec="0" bev="0" fileid="4" />
                <SequencePoint vc="1" uspid="148" ordinal="59" offset="1181" sl="134" sc="13" el="134" ec="107" bec="0" bev="0" fileid="4" />
                <SequencePoint vc="1" uspid="149" ordinal="60" offset="1193" sl="135" sc="13" el="135" ec="107" bec="0" bev="0" fileid="4" />
                <SequencePoint vc="1" uspid="150" ordinal="61" offset="1205" sl="136" sc="13" el="136" ec="108" bec="0" bev="0" fileid="4" />
                <SequencePoint vc="1" uspid="151" ordinal="62" offset="1217" sl="137" sc="13" el="137" ec="67" bec="0" bev="0" fileid="4" />
                <SequencePoint vc="1" uspid="152" ordinal="63" offset="1228" sl="138" sc="13" el="138" ec="88" bec="0" bev="0" fileid="4" />
                <SequencePoint vc="1" uspid="153" ordinal="64" offset="1239" sl="139" sc="13" el="139" ec="88" bec="0" bev="0" fileid="4" />
                <SequencePoint vc="1" uspid="154" ordinal="65" offset="1250" sl="140" sc="13" el="140" ec="91" bec="0" bev="0" fileid="4" />
                <SequencePoint vc="1" uspid="155" ordinal="66" offset="1261" sl="141" sc="13" el="141" ec="91" bec="0" bev="0" fileid="4" />
                <SequencePoint vc="1" uspid="156" ordinal="67" offset="1272" sl="142" sc="13" el="142" ec="88" bec="0" bev="0" fileid="4" />
                <SequencePoint vc="1" uspid="157" ordinal="68" offset="1283" sl="143" sc="13" el="143" ec="89" bec="0" bev="0" fileid="4" />
                <SequencePoint vc="1" uspid="158" ordinal="69" offset="1294" sl="144" sc="13" el="144" ec="93" bec="0" bev="0" fileid="4" />
                <SequencePoint vc="1" uspid="159" ordinal="70" offset="1305" sl="145" sc="13" el="145" ec="71" bec="0" bev="0" fileid="4" />
                <SequencePoint vc="1" uspid="160" ordinal="71" offset="1316" sl="146" sc="13" el="146" ec="90" bec="0" bev="0" fileid="4" />
                <SequencePoint vc="1" uspid="161" ordinal="72" offset="1327" sl="147" sc="13" el="147" ec="90" bec="0" bev="0" fileid="4" />
                <SequencePoint vc="1" uspid="162" ordinal="73" offset="1338" sl="148" sc="13" el="148" ec="90" bec="0" bev="0" fileid="4" />
                <SequencePoint vc="1" uspid="163" ordinal="74" offset="1349" sl="149" sc="13" el="149" ec="90" bec="0" bev="0" fileid="4" />
                <SequencePoint vc="1" uspid="164" ordinal="75" offset="1360" sl="150" sc="13" el="150" ec="90" bec="0" bev="0" fileid="4" />
                <SequencePoint vc="1" uspid="165" ordinal="76" offset="1371" sl="151" sc="13" el="151" ec="66" bec="0" bev="0" fileid="4" />
                <SequencePoint vc="1" uspid="166" ordinal="77" offset="1382" sl="152" sc="13" el="152" ec="97" bec="0" bev="0" fileid="4" />
                <SequencePoint vc="1" uspid="167" ordinal="78" offset="1399" sl="153" sc="13" el="153" ec="91" bec="0" bev="0" fileid="4" />
                <SequencePoint vc="1" uspid="168" ordinal="79" offset="1410" sl="154" sc="13" el="154" ec="91" bec="0" bev="0" fileid="4" />
                <SequencePoint vc="1" uspid="169" ordinal="80" offset="1421" sl="155" sc="13" el="155" ec="94" bec="0" bev="0" fileid="4" />
                <SequencePoint vc="1" uspid="170" ordinal="81" offset="1432" sl="156" sc="13" el="156" ec="94" bec="0" bev="0" fileid="4" />
                <SequencePoint vc="1" uspid="171" ordinal="82" offset="1443" sl="157" sc="13" el="157" ec="91" bec="0" bev="0" fileid="4" />
                <SequencePoint vc="1" uspid="172" ordinal="83" offset="1454" sl="158" sc="13" el="158" ec="67" bec="0" bev="0" fileid="4" />
                <SequencePoint vc="1" uspid="173" ordinal="84" offset="1465" sl="159" sc="13" el="159" ec="64" bec="0" bev="0" fileid="4" />
                <SequencePoint vc="1" uspid="174" ordinal="85" offset="1476" sl="160" sc="13" el="160" ec="66" bec="0" bev="0" fileid="4" />
                <SequencePoint vc="1" uspid="175" ordinal="86" offset="1487" sl="161" sc="13" el="161" ec="72" bec="0" bev="0" fileid="4" />
                <SequencePoint vc="1" uspid="176" ordinal="87" offset="1498" sl="162" sc="13" el="162" ec="66" bec="0" bev="0" fileid="4" />
                <SequencePoint vc="1" uspid="177" ordinal="88" offset="1509" sl="163" sc="13" el="163" ec="66" bec="0" bev="0" fileid="4" />
                <SequencePoint vc="1" uspid="178" ordinal="89" offset="1520" sl="164" sc="13" el="164" ec="66" bec="0" bev="0" fileid="4" />
                <SequencePoint vc="1" uspid="179" ordinal="90" offset="1531" sl="165" sc="13" el="165" ec="64" bec="0" bev="0" fileid="4" />
                <SequencePoint vc="1" uspid="180" ordinal="91" offset="1542" sl="166" sc="13" el="166" ec="66" bec="0" bev="0" fileid="4" />
                <SequencePoint vc="1" uspid="181" ordinal="92" offset="1553" sl="167" sc="13" el="167" ec="66" bec="0" bev="0" fileid="4" />
                <SequencePoint vc="1" uspid="182" ordinal="93" offset="1564" sl="168" sc="13" el="168" ec="113" bec="0" bev="0" fileid="4" />
                <SequencePoint vc="1" uspid="183" ordinal="94" offset="1575" sl="169" sc="13" el="169" ec="113" bec="0" bev="0" fileid="4" />
                <SequencePoint vc="1" uspid="184" ordinal="95" offset="1586" sl="170" sc="13" el="170" ec="113" bec="0" bev="0" fileid="4" />
                <SequencePoint vc="1" uspid="185" ordinal="96" offset="1597" sl="171" sc="13" el="171" ec="113" bec="0" bev="0" fileid="4" />
                <SequencePoint vc="1" uspid="186" ordinal="97" offset="1608" sl="172" sc="13" el="172" ec="66" bec="0" bev="0" fileid="4" />
                <SequencePoint vc="1" uspid="187" ordinal="98" offset="1619" sl="173" sc="13" el="173" ec="66" bec="0" bev="0" fileid="4" />
                <SequencePoint vc="1" uspid="188" ordinal="99" offset="1630" sl="174" sc="13" el="174" ec="66" bec="0" bev="0" fileid="4" />
                <SequencePoint vc="1" uspid="189" ordinal="100" offset="1641" sl="175" sc="13" el="175" ec="44" bec="0" bev="0" fileid="4" />
                <SequencePoint vc="1" uspid="190" ordinal="101" offset="1653" sl="176" sc="13" el="176" ec="46" bec="0" bev="0" fileid="4" />
                <SequencePoint vc="1" uspid="191" ordinal="102" offset="1665" sl="177" sc="13" el="177" ec="52" bec="0" bev="0" fileid="4" />
                <SequencePoint vc="1" uspid="192" ordinal="103" offset="1677" sl="178" sc="13" el="178" ec="34" bec="0" bev="0" fileid="4" />
                <SequencePoint vc="1" uspid="193" ordinal="104" offset="1684" sl="182" sc="13" el="184" ec="44" bec="0" bev="0" fileid="4" />
                <SequencePoint vc="1" uspid="194" ordinal="105" offset="1731" sl="185" sc="13" el="185" ec="70" bec="0" bev="0" fileid="4" />
                <SequencePoint vc="1" uspid="195" ordinal="106" offset="1750" sl="186" sc="13" el="186" ec="47" bec="0" bev="0" fileid="4" />
                <SequencePoint vc="1" uspid="196" ordinal="107" offset="1767" sl="187" sc="13" el="187" ec="68" bec="0" bev="0" fileid="4" />
                <SequencePoint vc="1" uspid="197" ordinal="108" offset="1791" sl="188" sc="13" el="188" ec="41" bec="0" bev="0" fileid="4" />
                <SequencePoint vc="1" uspid="198" ordinal="109" offset="1804" sl="189" sc="13" el="189" ec="48" bec="0" bev="0" fileid="4" />
                <SequencePoint vc="1" uspid="199" ordinal="110" offset="1821" sl="193" sc="13" el="195" ec="43" bec="0" bev="0" fileid="4" />
                <SequencePoint vc="1" uspid="200" ordinal="111" offset="1868" sl="196" sc="13" el="196" ec="73" bec="0" bev="0" fileid="4" />
                <SequencePoint vc="1" uspid="201" ordinal="112" offset="1885" sl="197" sc="13" el="197" ec="80" bec="0" bev="0" fileid="4" />
                <SequencePoint vc="1" uspid="202" ordinal="113" offset="1906" sl="198" sc="13" el="198" ec="56" bec="0" bev="0" fileid="4" />
                <SequencePoint vc="1" uspid="203" ordinal="114" offset="1923" sl="202" sc="13" el="204" ec="46" bec="0" bev="0" fileid="4" />
                <SequencePoint vc="1" uspid="204" ordinal="115" offset="1970" sl="205" sc="13" el="205" ec="73" bec="0" bev="0" fileid="4" />
                <SequencePoint vc="1" uspid="205" ordinal="116" offset="1987" sl="206" sc="13" el="206" ec="81" bec="0" bev="0" fileid="4" />
                <SequencePoint vc="1" uspid="206" ordinal="117" offset="2008" sl="207" sc="13" el="207" ec="56" bec="0" bev="0" fileid="4" />
                <SequencePoint vc="1" uspid="207" ordinal="118" offset="2025" sl="211" sc="13" el="211" ec="79" bec="0" bev="0" fileid="4" />
                <SequencePoint vc="1" uspid="208" ordinal="119" offset="2042" sl="212" sc="13" el="212" ec="84" bec="0" bev="0" fileid="4" />
                <SequencePoint vc="1" uspid="209" ordinal="120" offset="2063" sl="213" sc="13" el="213" ec="62" bec="0" bev="0" fileid="4" />
                <SequencePoint vc="1" uspid="210" ordinal="121" offset="2080" sl="217" sc="13" el="217" ec="79" bec="0" bev="0" fileid="4" />
                <SequencePoint vc="1" uspid="211" ordinal="122" offset="2097" sl="218" sc="13" el="218" ec="84" bec="0" bev="0" fileid="4" />
                <SequencePoint vc="1" uspid="212" ordinal="123" offset="2118" sl="219" sc="13" el="219" ec="62" bec="0" bev="0" fileid="4" />
                <SequencePoint vc="1" uspid="213" ordinal="124" offset="2135" sl="223" sc="13" el="223" ec="73" bec="0" bev="0" fileid="4" />
                <SequencePoint vc="1" uspid="214" ordinal="125" offset="2152" sl="224" sc="13" el="224" ec="81" bec="0" bev="0" fileid="4" />
                <SequencePoint vc="1" uspid="215" ordinal="126" offset="2173" sl="225" sc="13" el="225" ec="56" bec="0" bev="0" fileid="4" />
                <SequencePoint vc="1" uspid="216" ordinal="127" offset="2190" sl="229" sc="13" el="230" ec="48" bec="0" bev="0" fileid="4" />
                <SequencePoint vc="1" uspid="217" ordinal="128" offset="2227" sl="231" sc="13" el="231" ec="75" bec="0" bev="0" fileid="4" />
                <SequencePoint vc="1" uspid="218" ordinal="129" offset="2244" sl="232" sc="13" el="232" ec="81" bec="0" bev="0" fileid="4" />
                <SequencePoint vc="1" uspid="219" ordinal="130" offset="2265" sl="233" sc="13" el="233" ec="58" bec="0" bev="0" fileid="4" />
                <SequencePoint vc="1" uspid="220" ordinal="131" offset="2282" sl="237" sc="13" el="237" ec="83" bec="0" bev="0" fileid="4" />
                <SequencePoint vc="1" uspid="221" ordinal="132" offset="2299" sl="238" sc="13" el="238" ec="86" bec="0" bev="0" fileid="4" />
                <SequencePoint vc="1" uspid="222" ordinal="133" offset="2323" sl="239" sc="13" el="239" ec="66" bec="0" bev="0" fileid="4" />
                <SequencePoint vc="1" uspid="223" ordinal="134" offset="2340" sl="240" sc="13" el="240" ec="119" bec="0" bev="0" fileid="4" />
                <SequencePoint vc="1" uspid="224" ordinal="135" offset="2364" sl="244" sc="13" el="249" ec="42" bec="0" bev="0" fileid="4" />
                <SequencePoint vc="1" uspid="225" ordinal="136" offset="2441" sl="250" sc="13" el="250" ec="74" bec="0" bev="0" fileid="4" />
                <SequencePoint vc="1" uspid="226" ordinal="137" offset="2464" sl="251" sc="13" el="251" ec="51" bec="0" bev="0" fileid="4" />
                <SequencePoint vc="1" uspid="227" ordinal="138" offset="2481" sl="252" sc="13" el="252" ec="70" bec="0" bev="0" fileid="4" />
                <SequencePoint vc="1" uspid="228" ordinal="139" offset="2505" sl="253" sc="13" el="253" ec="43" bec="0" bev="0" fileid="4" />
                <SequencePoint vc="1" uspid="229" ordinal="140" offset="2518" sl="254" sc="13" el="254" ec="52" bec="0" bev="0" fileid="4" />
                <SequencePoint vc="1" uspid="230" ordinal="141" offset="2535" sl="258" sc="13" el="258" ec="71" bec="0" bev="0" fileid="4" />
                <SequencePoint vc="1" uspid="231" ordinal="142" offset="2552" sl="259" sc="13" el="259" ec="80" bec="0" bev="0" fileid="4" />
                <SequencePoint vc="1" uspid="232" ordinal="143" offset="2573" sl="260" sc="13" el="260" ec="71" bec="0" bev="0" fileid="4" />
                <SequencePoint vc="1" uspid="233" ordinal="144" offset="2590" sl="264" sc="13" el="264" ec="71" bec="0" bev="0" fileid="4" />
                <SequencePoint vc="1" uspid="234" ordinal="145" offset="2607" sl="265" sc="13" el="265" ec="80" bec="0" bev="0" fileid="4" />
                <SequencePoint vc="1" uspid="235" ordinal="146" offset="2628" sl="266" sc="13" el="266" ec="71" bec="0" bev="0" fileid="4" />
                <SequencePoint vc="1" uspid="236" ordinal="147" offset="2645" sl="270" sc="13" el="270" ec="71" bec="0" bev="0" fileid="4" />
                <SequencePoint vc="1" uspid="237" ordinal="148" offset="2662" sl="271" sc="13" el="271" ec="80" bec="0" bev="0" fileid="4" />
                <SequencePoint vc="1" uspid="238" ordinal="149" offset="2683" sl="272" sc="13" el="272" ec="71" bec="0" bev="0" fileid="4" />
                <SequencePoint vc="1" uspid="239" ordinal="150" offset="2700" sl="276" sc="13" el="276" ec="71" bec="0" bev="0" fileid="4" />
                <SequencePoint vc="1" uspid="240" ordinal="151" offset="2717" sl="277" sc="13" el="277" ec="80" bec="0" bev="0" fileid="4" />
                <SequencePoint vc="1" uspid="241" ordinal="152" offset="2741" sl="278" sc="13" el="278" ec="54" bec="0" bev="0" fileid="4" />
                <SequencePoint vc="1" uspid="242" ordinal="153" offset="2754" sl="279" sc="13" el="279" ec="71" bec="0" bev="0" fileid="4" />
                <SequencePoint vc="1" uspid="243" ordinal="154" offset="2771" sl="283" sc="13" el="283" ec="71" bec="0" bev="0" fileid="4" />
                <SequencePoint vc="1" uspid="244" ordinal="155" offset="2788" sl="284" sc="13" el="284" ec="80" bec="0" bev="0" fileid="4" />
                <SequencePoint vc="1" uspid="245" ordinal="156" offset="2809" sl="285" sc="13" el="285" ec="71" bec="0" bev="0" fileid="4" />
                <SequencePoint vc="1" uspid="246" ordinal="157" offset="2826" sl="289" sc="13" el="289" ec="71" bec="0" bev="0" fileid="4" />
                <SequencePoint vc="1" uspid="247" ordinal="158" offset="2844" sl="290" sc="13" el="290" ec="74" bec="0" bev="0" fileid="4" />
                <SequencePoint vc="1" uspid="248" ordinal="159" offset="2868" sl="291" sc="13" el="291" ec="49" bec="0" bev="0" fileid="4" />
                <SequencePoint vc="1" uspid="249" ordinal="160" offset="2885" sl="292" sc="13" el="292" ec="69" bec="0" bev="0" fileid="4" />
                <SequencePoint vc="1" uspid="250" ordinal="161" offset="2909" sl="293" sc="13" el="293" ec="42" bec="0" bev="0" fileid="4" />
                <SequencePoint vc="1" uspid="251" ordinal="162" offset="2922" sl="297" sc="13" el="300" ec="46" bec="0" bev="0" fileid="4" />
                <SequencePoint vc="1" uspid="252" ordinal="163" offset="2979" sl="301" sc="13" el="301" ec="63" bec="0" bev="0" fileid="4" />
                <SequencePoint vc="1" uspid="253" ordinal="164" offset="2996" sl="302" sc="13" el="302" ec="76" bec="0" bev="0" fileid="4" />
                <SequencePoint vc="1" uspid="254" ordinal="165" offset="3017" sl="306" sc="13" el="306" ec="79" bec="0" bev="0" fileid="4" />
                <SequencePoint vc="1" uspid="255" ordinal="166" offset="3034" sl="307" sc="13" el="307" ec="84" bec="0" bev="0" fileid="4" />
                <SequencePoint vc="1" uspid="256" ordinal="167" offset="3055" sl="308" sc="13" el="308" ec="62" bec="0" bev="0" fileid="4" />
                <SequencePoint vc="1" uspid="257" ordinal="168" offset="3072" sl="312" sc="13" el="314" ec="49" bec="0" bev="0" fileid="4" />
                <SequencePoint vc="1" uspid="258" ordinal="169" offset="3119" sl="315" sc="13" el="315" ec="79" bec="0" bev="0" fileid="4" />
                <SequencePoint vc="1" uspid="259" ordinal="170" offset="3136" sl="316" sc="13" el="316" ec="84" bec="0" bev="0" fileid="4" />
                <SequencePoint vc="1" uspid="260" ordinal="171" offset="3157" sl="317" sc="13" el="317" ec="62" bec="0" bev="0" fileid="4" />
                <SequencePoint vc="1" uspid="261" ordinal="172" offset="3174" sl="321" sc="13" el="321" ec="85" bec="0" bev="0" fileid="4" />
                <SequencePoint vc="1" uspid="262" ordinal="173" offset="3191" sl="322" sc="13" el="322" ec="87" bec="0" bev="0" fileid="4" />
                <SequencePoint vc="1" uspid="263" ordinal="174" offset="3215" sl="323" sc="13" el="323" ec="68" bec="0" bev="0" fileid="4" />
                <SequencePoint vc="1" uspid="264" ordinal="175" offset="3232" sl="327" sc="13" el="327" ec="85" bec="0" bev="0" fileid="4" />
                <SequencePoint vc="1" uspid="265" ordinal="176" offset="3249" sl="328" sc="13" el="328" ec="87" bec="0" bev="0" fileid="4" />
                <SequencePoint vc="1" uspid="266" ordinal="177" offset="3273" sl="329" sc="13" el="329" ec="68" bec="0" bev="0" fileid="4" />
                <SequencePoint vc="1" uspid="267" ordinal="178" offset="3290" sl="330" sc="13" el="330" ec="121" bec="0" bev="0" fileid="4" />
                <SequencePoint vc="1" uspid="268" ordinal="179" offset="3314" sl="334" sc="13" el="334" ec="79" bec="0" bev="0" fileid="4" />
                <SequencePoint vc="1" uspid="269" ordinal="180" offset="3331" sl="335" sc="13" el="335" ec="84" bec="0" bev="0" fileid="4" />
                <SequencePoint vc="1" uspid="270" ordinal="181" offset="3352" sl="336" sc="13" el="336" ec="62" bec="0" bev="0" fileid="4" />
                <SequencePoint vc="1" uspid="271" ordinal="182" offset="3369" sl="340" sc="13" el="340" ec="76" bec="0" bev="0" fileid="4" />
                <SequencePoint vc="1" uspid="272" ordinal="183" offset="3393" sl="341" sc="13" el="341" ec="53" bec="0" bev="0" fileid="4" />
                <SequencePoint vc="1" uspid="273" ordinal="184" offset="3410" sl="342" sc="13" el="342" ec="71" bec="0" bev="0" fileid="4" />
                <SequencePoint vc="1" uspid="274" ordinal="185" offset="3434" sl="343" sc="13" el="343" ec="44" bec="0" bev="0" fileid="4" />
                <SequencePoint vc="1" uspid="275" ordinal="186" offset="3447" sl="344" sc="13" el="344" ec="60" bec="0" bev="0" fileid="4" />
                <SequencePoint vc="1" uspid="276" ordinal="187" offset="3464" sl="345" sc="13" el="345" ec="62" bec="0" bev="0" fileid="4" />
                <SequencePoint vc="1" uspid="277" ordinal="188" offset="3477" sl="346" sc="13" el="346" ec="89" bec="0" bev="0" fileid="4" />
                <SequencePoint vc="1" uspid="278" ordinal="189" offset="3501" sl="350" sc="13" el="350" ec="45" bec="0" bev="0" fileid="4" />
                <SequencePoint vc="1" uspid="279" ordinal="190" offset="3514" sl="351" sc="13" el="351" ec="73" bec="0" bev="0" fileid="4" />
                <SequencePoint vc="1" uspid="280" ordinal="191" offset="3535" sl="352" sc="13" el="352" ec="49" bec="0" bev="0" fileid="4" />
                <SequencePoint vc="1" uspid="281" ordinal="192" offset="3552" sl="353" sc="13" el="353" ec="68" bec="0" bev="0" fileid="4" />
                <SequencePoint vc="1" uspid="282" ordinal="193" offset="3573" sl="354" sc="13" el="354" ec="42" bec="0" bev="0" fileid="4" />
                <SequencePoint vc="1" uspid="283" ordinal="194" offset="3586" sl="355" sc="13" el="355" ec="45" bec="0" bev="0" fileid="4" />
                <SequencePoint vc="1" uspid="284" ordinal="195" offset="3603" sl="356" sc="13" el="356" ec="85" bec="0" bev="0" fileid="4" />
                <SequencePoint vc="1" uspid="285" ordinal="196" offset="3627" sl="360" sc="13" el="360" ec="44" bec="0" bev="0" fileid="4" />
                <SequencePoint vc="1" uspid="286" ordinal="197" offset="3640" sl="361" sc="13" el="361" ec="72" bec="0" bev="0" fileid="4" />
                <SequencePoint vc="1" uspid="287" ordinal="198" offset="3661" sl="362" sc="13" el="362" ec="47" bec="0" bev="0" fileid="4" />
                <SequencePoint vc="1" uspid="288" ordinal="199" offset="3678" sl="363" sc="13" el="363" ec="67" bec="0" bev="0" fileid="4" />
                <SequencePoint vc="1" uspid="289" ordinal="200" offset="3699" sl="364" sc="13" el="364" ec="41" bec="0" bev="0" fileid="4" />
                <SequencePoint vc="1" uspid="290" ordinal="201" offset="3712" sl="365" sc="13" el="365" ec="47" bec="0" bev="0" fileid="4" />
                <SequencePoint vc="1" uspid="291" ordinal="202" offset="3729" sl="366" sc="13" el="366" ec="59" bec="0" bev="0" fileid="4" />
                <SequencePoint vc="1" uspid="292" ordinal="203" offset="3742" sl="367" sc="13" el="367" ec="101" bec="0" bev="0" fileid="4" />
                <SequencePoint vc="1" uspid="293" ordinal="204" offset="3766" sl="371" sc="13" el="371" ec="47" bec="0" bev="0" fileid="4" />
                <SequencePoint vc="1" uspid="294" ordinal="205" offset="3779" sl="372" sc="13" el="372" ec="76" bec="0" bev="0" fileid="4" />
                <SequencePoint vc="1" uspid="295" ordinal="206" offset="3803" sl="373" sc="13" el="373" ec="53" bec="0" bev="0" fileid="4" />
                <SequencePoint vc="1" uspid="296" ordinal="207" offset="3820" sl="374" sc="13" el="374" ec="70" bec="0" bev="0" fileid="4" />
                <SequencePoint vc="1" uspid="297" ordinal="208" offset="3841" sl="375" sc="13" el="375" ec="44" bec="0" bev="0" fileid="4" />
                <SequencePoint vc="1" uspid="298" ordinal="209" offset="3854" sl="376" sc="13" el="376" ec="46" bec="0" bev="0" fileid="4" />
                <SequencePoint vc="1" uspid="299" ordinal="210" offset="3867" sl="377" sc="13" el="377" ec="53" bec="0" bev="0" fileid="4" />
                <SequencePoint vc="1" uspid="300" ordinal="211" offset="3884" sl="378" sc="13" el="378" ec="62" bec="0" bev="0" fileid="4" />
                <SequencePoint vc="1" uspid="301" ordinal="212" offset="3897" sl="382" sc="13" el="382" ec="53" bec="0" bev="0" fileid="4" />
                <SequencePoint vc="1" uspid="302" ordinal="213" offset="3910" sl="383" sc="13" el="433" ec="24" bec="0" bev="0" fileid="4" />
                <SequencePoint vc="1" uspid="303" ordinal="214" offset="4429" sl="434" sc="13" el="434" ec="72" bec="0" bev="0" fileid="4" />
                <SequencePoint vc="1" uspid="304" ordinal="215" offset="4450" sl="435" sc="13" el="435" ec="47" bec="0" bev="0" fileid="4" />
                <SequencePoint vc="1" uspid="305" ordinal="216" offset="4467" sl="436" sc="13" el="436" ec="68" bec="0" bev="0" fileid="4" />
                <SequencePoint vc="1" uspid="306" ordinal="217" offset="4491" sl="437" sc="13" el="437" ec="41" bec="0" bev="0" fileid="4" />
                <SequencePoint vc="1" uspid="307" ordinal="218" offset="4504" sl="438" sc="13" el="438" ec="113" bec="0" bev="0" fileid="4" />
                <SequencePoint vc="1" uspid="308" ordinal="219" offset="4528" sl="442" sc="13" el="442" ec="86" bec="0" bev="0" fileid="4" />
                <SequencePoint vc="1" uspid="309" ordinal="220" offset="4541" sl="443" sc="13" el="443" ec="53" bec="0" bev="0" fileid="4" />
                <SequencePoint vc="1" uspid="310" ordinal="221" offset="4554" sl="444" sc="13" el="494" ec="24" bec="0" bev="0" fileid="4" />
                <SequencePoint vc="1" uspid="311" ordinal="222" offset="5073" sl="495" sc="13" el="495" ec="73" bec="0" bev="0" fileid="4" />
                <SequencePoint vc="1" uspid="312" ordinal="223" offset="5097" sl="496" sc="13" el="496" ec="47" bec="0" bev="0" fileid="4" />
                <SequencePoint vc="1" uspid="313" ordinal="224" offset="5114" sl="497" sc="13" el="497" ec="69" bec="0" bev="0" fileid="4" />
                <SequencePoint vc="1" uspid="314" ordinal="225" offset="5141" sl="498" sc="13" el="498" ec="41" bec="0" bev="0" fileid="4" />
                <SequencePoint vc="1" uspid="315" ordinal="226" offset="5155" sl="502" sc="13" el="502" ec="92" bec="0" bev="0" fileid="4" />
                <SequencePoint vc="1" uspid="316" ordinal="227" offset="5168" sl="503" sc="13" el="503" ec="53" bec="0" bev="0" fileid="4" />
                <SequencePoint vc="1" uspid="317" ordinal="228" offset="5181" sl="504" sc="13" el="554" ec="24" bec="0" bev="0" fileid="4" />
                <SequencePoint vc="1" uspid="318" ordinal="229" offset="5700" sl="555" sc="13" el="555" ec="73" bec="0" bev="0" fileid="4" />
                <SequencePoint vc="1" uspid="319" ordinal="230" offset="5724" sl="556" sc="13" el="556" ec="47" bec="0" bev="0" fileid="4" />
                <SequencePoint vc="1" uspid="320" ordinal="231" offset="5741" sl="557" sc="13" el="557" ec="68" bec="0" bev="0" fileid="4" />
                <SequencePoint vc="1" uspid="321" ordinal="232" offset="5765" sl="558" sc="13" el="558" ec="42" bec="0" bev="0" fileid="4" />
                <SequencePoint vc="1" uspid="322" ordinal="233" offset="5779" sl="562" sc="13" el="562" ec="52" bec="0" bev="0" fileid="4" />
                <SequencePoint vc="1" uspid="323" ordinal="234" offset="5792" sl="563" sc="13" el="613" ec="24" bec="0" bev="0" fileid="4" />
                <SequencePoint vc="1" uspid="324" ordinal="235" offset="6311" sl="614" sc="13" el="614" ec="73" bec="0" bev="0" fileid="4" />
                <SequencePoint vc="1" uspid="325" ordinal="236" offset="6338" sl="615" sc="13" el="615" ec="45" bec="0" bev="0" fileid="4" />
                <SequencePoint vc="1" uspid="326" ordinal="237" offset="6355" sl="616" sc="13" el="616" ec="68" bec="0" bev="0" fileid="4" />
                <SequencePoint vc="1" uspid="327" ordinal="238" offset="6382" sl="617" sc="13" el="617" ec="41" bec="0" bev="0" fileid="4" />
                <SequencePoint vc="1" uspid="328" ordinal="239" offset="6396" sl="618" sc="13" el="618" ec="111" bec="0" bev="0" fileid="4" />
                <SequencePoint vc="1" uspid="329" ordinal="240" offset="6420" sl="622" sc="13" el="622" ec="73" bec="0" bev="0" fileid="4" />
                <SequencePoint vc="1" uspid="330" ordinal="241" offset="6444" sl="623" sc="13" el="623" ec="47" bec="0" bev="0" fileid="4" />
                <SequencePoint vc="1" uspid="331" ordinal="242" offset="6461" sl="624" sc="13" el="624" ec="38" bec="0" bev="0" fileid="4" />
                <SequencePoint vc="1" uspid="332" ordinal="243" offset="6473" sl="625" sc="13" el="625" ec="38" bec="0" bev="0" fileid="4" />
                <SequencePoint vc="1" uspid="333" ordinal="244" offset="6485" sl="626" sc="13" el="626" ec="38" bec="0" bev="0" fileid="4" />
                <SequencePoint vc="1" uspid="334" ordinal="245" offset="6497" sl="627" sc="13" el="627" ec="38" bec="0" bev="0" fileid="4" />
                <SequencePoint vc="1" uspid="335" ordinal="246" offset="6509" sl="628" sc="13" el="628" ec="38" bec="0" bev="0" fileid="4" />
                <SequencePoint vc="1" uspid="336" ordinal="247" offset="6521" sl="629" sc="13" el="629" ec="38" bec="0" bev="0" fileid="4" />
                <SequencePoint vc="1" uspid="337" ordinal="248" offset="6533" sl="630" sc="13" el="630" ec="38" bec="0" bev="0" fileid="4" />
                <SequencePoint vc="1" uspid="338" ordinal="249" offset="6545" sl="631" sc="13" el="631" ec="38" bec="0" bev="0" fileid="4" />
                <SequencePoint vc="1" uspid="339" ordinal="250" offset="6557" sl="632" sc="13" el="632" ec="38" bec="0" bev="0" fileid="4" />
                <SequencePoint vc="1" uspid="340" ordinal="251" offset="6570" sl="633" sc="13" el="633" ec="38" bec="0" bev="0" fileid="4" />
                <SequencePoint vc="1" uspid="341" ordinal="252" offset="6583" sl="634" sc="13" el="634" ec="38" bec="0" bev="0" fileid="4" />
                <SequencePoint vc="1" uspid="342" ordinal="253" offset="6596" sl="635" sc="13" el="635" ec="38" bec="0" bev="0" fileid="4" />
                <SequencePoint vc="1" uspid="343" ordinal="254" offset="6609" sl="636" sc="13" el="636" ec="38" bec="0" bev="0" fileid="4" />
                <SequencePoint vc="1" uspid="344" ordinal="255" offset="6622" sl="637" sc="13" el="637" ec="38" bec="0" bev="0" fileid="4" />
                <SequencePoint vc="1" uspid="345" ordinal="256" offset="6635" sl="638" sc="13" el="638" ec="38" bec="0" bev="0" fileid="4" />
                <SequencePoint vc="1" uspid="346" ordinal="257" offset="6648" sl="639" sc="13" el="639" ec="38" bec="0" bev="0" fileid="4" />
                <SequencePoint vc="1" uspid="347" ordinal="258" offset="6661" sl="640" sc="13" el="640" ec="39" bec="0" bev="0" fileid="4" />
                <SequencePoint vc="1" uspid="348" ordinal="259" offset="6674" sl="641" sc="13" el="641" ec="39" bec="0" bev="0" fileid="4" />
                <SequencePoint vc="1" uspid="349" ordinal="260" offset="6687" sl="642" sc="13" el="642" ec="39" bec="0" bev="0" fileid="4" />
                <SequencePoint vc="1" uspid="350" ordinal="261" offset="6700" sl="643" sc="13" el="643" ec="39" bec="0" bev="0" fileid="4" />
                <SequencePoint vc="1" uspid="351" ordinal="262" offset="6713" sl="644" sc="13" el="644" ec="39" bec="0" bev="0" fileid="4" />
                <SequencePoint vc="1" uspid="352" ordinal="263" offset="6726" sl="645" sc="13" el="645" ec="39" bec="0" bev="0" fileid="4" />
                <SequencePoint vc="1" uspid="353" ordinal="264" offset="6739" sl="646" sc="13" el="648" ec="26" bec="0" bev="0" fileid="4" />
                <SequencePoint vc="1" uspid="354" ordinal="265" offset="6778" sl="649" sc="13" el="649" ec="50" bec="0" bev="0" fileid="4" />
                <SequencePoint vc="1" uspid="355" ordinal="266" offset="6791" sl="650" sc="13" el="650" ec="69" bec="0" bev="0" fileid="4" />
                <SequencePoint vc="1" uspid="356" ordinal="267" offset="6818" sl="651" sc="13" el="651" ec="42" bec="0" bev="0" fileid="4" />
                <SequencePoint vc="1" uspid="357" ordinal="268" offset="6832" sl="652" sc="13" el="652" ec="117" bec="0" bev="0" fileid="4" />
                <SequencePoint vc="1" uspid="358" ordinal="269" offset="6856" sl="656" sc="13" el="660" ec="34" bec="0" bev="0" fileid="4" />
                <SequencePoint vc="1" uspid="359" ordinal="270" offset="6923" sl="661" sc="13" el="661" ec="50" bec="0" bev="0" fileid="4" />
                <SequencePoint vc="1" uspid="360" ordinal="271" offset="6936" sl="662" sc="13" el="662" ec="52" bec="0" bev="0" fileid="4" />
                <SequencePoint vc="1" uspid="361" ordinal="272" offset="6949" sl="663" sc="13" el="664" ec="30" bec="0" bev="0" fileid="4" />
                <SequencePoint vc="1" uspid="362" ordinal="273" offset="6982" sl="665" sc="13" el="665" ec="50" bec="0" bev="0" fileid="4" />
                <SequencePoint vc="1" uspid="363" ordinal="274" offset="6992" sl="666" sc="13" el="666" ec="51" bec="0" bev="0" fileid="4" />
                <SequencePoint vc="1" uspid="364" ordinal="275" offset="7002" sl="667" sc="13" el="667" ec="51" bec="0" bev="0" fileid="4" />
                <SequencePoint vc="1" uspid="365" ordinal="276" offset="7012" sl="668" sc="13" el="668" ec="51" bec="0" bev="0" fileid="4" />
                <SequencePoint vc="1" uspid="366" ordinal="277" offset="7022" sl="669" sc="13" el="669" ec="51" bec="0" bev="0" fileid="4" />
                <SequencePoint vc="1" uspid="367" ordinal="278" offset="7032" sl="670" sc="13" el="670" ec="51" bec="0" bev="0" fileid="4" />
                <SequencePoint vc="1" uspid="368" ordinal="279" offset="7042" sl="671" sc="13" el="671" ec="51" bec="0" bev="0" fileid="4" />
                <SequencePoint vc="1" uspid="369" ordinal="280" offset="7052" sl="672" sc="13" el="672" ec="51" bec="0" bev="0" fileid="4" />
                <SequencePoint vc="1" uspid="370" ordinal="281" offset="7062" sl="673" sc="13" el="673" ec="51" bec="0" bev="0" fileid="4" />
                <SequencePoint vc="1" uspid="371" ordinal="282" offset="7072" sl="674" sc="13" el="674" ec="51" bec="0" bev="0" fileid="4" />
                <SequencePoint vc="1" uspid="372" ordinal="283" offset="7082" sl="675" sc="13" el="675" ec="51" bec="0" bev="0" fileid="4" />
                <SequencePoint vc="1" uspid="373" ordinal="284" offset="7092" sl="676" sc="13" el="698" ec="30" bec="0" bev="0" fileid="4" />
                <SequencePoint vc="1" uspid="374" ordinal="285" offset="7265" sl="699" sc="13" el="699" ec="73" bec="0" bev="0" fileid="4" />
                <SequencePoint vc="1" uspid="375" ordinal="286" offset="7289" sl="700" sc="13" el="700" ec="47" bec="0" bev="0" fileid="4" />
                <SequencePoint vc="1" uspid="376" ordinal="287" offset="7306" sl="701" sc="13" el="701" ec="69" bec="0" bev="0" fileid="4" />
                <SequencePoint vc="1" uspid="377" ordinal="288" offset="7330" sl="702" sc="13" el="702" ec="42" bec="0" bev="0" fileid="4" />
                <SequencePoint vc="1" uspid="378" ordinal="289" offset="7344" sl="703" sc="13" el="703" ec="68" bec="0" bev="0" fileid="4" />
                <SequencePoint vc="1" uspid="379" ordinal="290" offset="7357" sl="704" sc="13" el="704" ec="69" bec="0" bev="0" fileid="4" />
                <SequencePoint vc="1" uspid="380" ordinal="291" offset="7370" sl="705" sc="13" el="705" ec="113" bec="0" bev="0" fileid="4" />
                <SequencePoint vc="1" uspid="381" ordinal="292" offset="7394" sl="709" sc="13" el="709" ec="74" bec="0" bev="0" fileid="4" />
                <SequencePoint vc="1" uspid="382" ordinal="293" offset="7421" sl="710" sc="13" el="710" ec="47" bec="0" bev="0" fileid="4" />
                <SequencePoint vc="1" uspid="383" ordinal="294" offset="7438" sl="711" sc="13" el="711" ec="39" bec="0" bev="0" fileid="4" />
                <SequencePoint vc="1" uspid="384" ordinal="295" offset="7451" sl="712" sc="13" el="712" ec="39" bec="0" bev="0" fileid="4" />
                <SequencePoint vc="1" uspid="385" ordinal="296" offset="7464" sl="713" sc="13" el="713" ec="39" bec="0" bev="0" fileid="4" />
                <SequencePoint vc="1" uspid="386" ordinal="297" offset="7477" sl="714" sc="13" el="714" ec="39" bec="0" bev="0" fileid="4" />
                <SequencePoint vc="1" uspid="387" ordinal="298" offset="7490" sl="715" sc="13" el="715" ec="39" bec="0" bev="0" fileid="4" />
                <SequencePoint vc="1" uspid="388" ordinal="299" offset="7503" sl="716" sc="13" el="716" ec="39" bec="0" bev="0" fileid="4" />
                <SequencePoint vc="1" uspid="389" ordinal="300" offset="7516" sl="717" sc="13" el="717" ec="39" bec="0" bev="0" fileid="4" />
                <SequencePoint vc="1" uspid="390" ordinal="301" offset="7529" sl="718" sc="13" el="718" ec="39" bec="0" bev="0" fileid="4" />
                <SequencePoint vc="1" uspid="391" ordinal="302" offset="7542" sl="719" sc="13" el="719" ec="39" bec="0" bev="0" fileid="4" />
                <SequencePoint vc="1" uspid="392" ordinal="303" offset="7555" sl="720" sc="13" el="720" ec="39" bec="0" bev="0" fileid="4" />
                <SequencePoint vc="1" uspid="393" ordinal="304" offset="7568" sl="721" sc="13" el="721" ec="39" bec="0" bev="0" fileid="4" />
                <SequencePoint vc="1" uspid="394" ordinal="305" offset="7581" sl="722" sc="13" el="722" ec="39" bec="0" bev="0" fileid="4" />
                <SequencePoint vc="1" uspid="395" ordinal="306" offset="7594" sl="723" sc="13" el="723" ec="39" bec="0" bev="0" fileid="4" />
                <SequencePoint vc="1" uspid="396" ordinal="307" offset="7607" sl="724" sc="13" el="724" ec="39" bec="0" bev="0" fileid="4" />
                <SequencePoint vc="1" uspid="397" ordinal="308" offset="7620" sl="725" sc="13" el="725" ec="39" bec="0" bev="0" fileid="4" />
                <SequencePoint vc="1" uspid="398" ordinal="309" offset="7633" sl="726" sc="13" el="726" ec="39" bec="0" bev="0" fileid="4" />
                <SequencePoint vc="1" uspid="399" ordinal="310" offset="7646" sl="727" sc="13" el="727" ec="39" bec="0" bev="0" fileid="4" />
                <SequencePoint vc="1" uspid="400" ordinal="311" offset="7659" sl="728" sc="13" el="728" ec="39" bec="0" bev="0" fileid="4" />
                <SequencePoint vc="1" uspid="401" ordinal="312" offset="7672" sl="729" sc="13" el="729" ec="39" bec="0" bev="0" fileid="4" />
                <SequencePoint vc="1" uspid="402" ordinal="313" offset="7685" sl="730" sc="13" el="730" ec="39" bec="0" bev="0" fileid="4" />
                <SequencePoint vc="1" uspid="403" ordinal="314" offset="7698" sl="731" sc="13" el="733" ec="26" bec="0" bev="0" fileid="4" />
                <SequencePoint vc="1" uspid="404" ordinal="315" offset="7737" sl="734" sc="13" el="734" ec="69" bec="0" bev="0" fileid="4" />
                <SequencePoint vc="1" uspid="405" ordinal="316" offset="7764" sl="735" sc="13" el="735" ec="42" bec="0" bev="0" fileid="4" />
                <SequencePoint vc="1" uspid="406" ordinal="317" offset="7778" sl="739" sc="13" el="739" ec="46" bec="0" bev="0" fileid="4" />
                <SequencePoint vc="1" uspid="407" ordinal="318" offset="7791" sl="740" sc="13" el="740" ec="73" bec="0" bev="0" fileid="4" />
                <SequencePoint vc="1" uspid="408" ordinal="319" offset="7815" sl="741" sc="13" el="741" ec="47" bec="0" bev="0" fileid="4" />
                <SequencePoint vc="1" uspid="409" ordinal="320" offset="7832" sl="742" sc="13" el="742" ec="39" bec="0" bev="0" fileid="4" />
                <SequencePoint vc="1" uspid="410" ordinal="321" offset="7845" sl="743" sc="13" el="743" ec="39" bec="0" bev="0" fileid="4" />
                <SequencePoint vc="1" uspid="411" ordinal="322" offset="7858" sl="744" sc="13" el="744" ec="39" bec="0" bev="0" fileid="4" />
                <SequencePoint vc="1" uspid="412" ordinal="323" offset="7871" sl="745" sc="13" el="745" ec="39" bec="0" bev="0" fileid="4" />
                <SequencePoint vc="1" uspid="413" ordinal="324" offset="7884" sl="746" sc="13" el="746" ec="39" bec="0" bev="0" fileid="4" />
                <SequencePoint vc="1" uspid="414" ordinal="325" offset="7897" sl="747" sc="13" el="747" ec="84" bec="0" bev="0" fileid="4" />
                <SequencePoint vc="1" uspid="415" ordinal="326" offset="7910" sl="748" sc="13" el="748" ec="39" bec="0" bev="0" fileid="4" />
                <SequencePoint vc="1" uspid="416" ordinal="327" offset="7923" sl="749" sc="13" el="749" ec="39" bec="0" bev="0" fileid="4" />
                <SequencePoint vc="1" uspid="417" ordinal="328" offset="7936" sl="750" sc="13" el="750" ec="39" bec="0" bev="0" fileid="4" />
                <SequencePoint vc="1" uspid="418" ordinal="329" offset="7949" sl="751" sc="13" el="751" ec="39" bec="0" bev="0" fileid="4" />
                <SequencePoint vc="1" uspid="419" ordinal="330" offset="7962" sl="752" sc="13" el="752" ec="39" bec="0" bev="0" fileid="4" />
                <SequencePoint vc="1" uspid="420" ordinal="331" offset="7975" sl="753" sc="13" el="753" ec="39" bec="0" bev="0" fileid="4" />
                <SequencePoint vc="1" uspid="421" ordinal="332" offset="7988" sl="754" sc="13" el="756" ec="26" bec="0" bev="0" fileid="4" />
                <SequencePoint vc="1" uspid="422" ordinal="333" offset="8027" sl="757" sc="13" el="757" ec="68" bec="0" bev="0" fileid="4" />
                <SequencePoint vc="1" uspid="423" ordinal="334" offset="8048" sl="758" sc="13" el="758" ec="42" bec="0" bev="0" fileid="4" />
                <SequencePoint vc="1" uspid="424" ordinal="335" offset="8062" sl="762" sc="13" el="772" ec="30" bec="0" bev="0" fileid="4" />
                <SequencePoint vc="1" uspid="425" ordinal="336" offset="8151" sl="773" sc="13" el="773" ec="74" bec="0" bev="0" fileid="4" />
                <SequencePoint vc="1" uspid="426" ordinal="337" offset="8178" sl="774" sc="13" el="774" ec="47" bec="0" bev="0" fileid="4" />
                <SequencePoint vc="1" uspid="427" ordinal="338" offset="8195" sl="775" sc="13" el="775" ec="69" bec="0" bev="0" fileid="4" />
                <SequencePoint vc="1" uspid="428" ordinal="339" offset="8219" sl="776" sc="13" el="776" ec="42" bec="0" bev="0" fileid="4" />
                <SequencePoint vc="1" uspid="429" ordinal="340" offset="8233" sl="777" sc="13" el="777" ec="68" bec="0" bev="0" fileid="4" />
                <SequencePoint vc="1" uspid="430" ordinal="341" offset="8246" sl="781" sc="13" el="781" ec="74" bec="0" bev="0" fileid="4" />
                <SequencePoint vc="1" uspid="431" ordinal="342" offset="8268" sl="782" sc="13" el="782" ec="74" bec="0" bev="0" fileid="4" />
                <SequencePoint vc="1" uspid="432" ordinal="343" offset="8276" sl="783" sc="13" el="783" ec="65" bec="0" bev="0" fileid="4" />
                <SequencePoint vc="1" uspid="433" ordinal="344" offset="8298" sl="784" sc="13" el="784" ec="47" bec="0" bev="0" fileid="4" />
                <SequencePoint vc="1" uspid="434" ordinal="345" offset="8316" sl="785" sc="13" el="785" ec="47" bec="0" bev="0" fileid="4" />
                <SequencePoint vc="1" uspid="435" ordinal="346" offset="8334" sl="786" sc="13" el="786" ec="47" bec="0" bev="0" fileid="4" />
                <SequencePoint vc="1" uspid="436" ordinal="347" offset="8352" sl="787" sc="13" el="787" ec="47" bec="0" bev="0" fileid="4" />
                <SequencePoint vc="1" uspid="437" ordinal="348" offset="8370" sl="788" sc="13" el="788" ec="47" bec="0" bev="0" fileid="4" />
                <SequencePoint vc="1" uspid="438" ordinal="349" offset="8388" sl="789" sc="13" el="789" ec="46" bec="0" bev="0" fileid="4" />
                <SequencePoint vc="1" uspid="439" ordinal="350" offset="8406" sl="790" sc="13" el="790" ec="47" bec="0" bev="0" fileid="4" />
                <SequencePoint vc="1" uspid="440" ordinal="351" offset="8424" sl="791" sc="13" el="791" ec="47" bec="0" bev="0" fileid="4" />
                <SequencePoint vc="1" uspid="441" ordinal="352" offset="8442" sl="792" sc="13" el="792" ec="47" bec="0" bev="0" fileid="4" />
                <SequencePoint vc="1" uspid="442" ordinal="353" offset="8460" sl="793" sc="13" el="793" ec="50" bec="0" bev="0" fileid="4" />
                <SequencePoint vc="1" uspid="443" ordinal="354" offset="8478" sl="794" sc="13" el="794" ec="47" bec="0" bev="0" fileid="4" />
                <SequencePoint vc="1" uspid="444" ordinal="355" offset="8496" sl="795" sc="13" el="795" ec="48" bec="0" bev="0" fileid="4" />
                <SequencePoint vc="1" uspid="445" ordinal="356" offset="8514" sl="796" sc="13" el="796" ec="50" bec="0" bev="0" fileid="4" />
                <SequencePoint vc="1" uspid="446" ordinal="357" offset="8532" sl="797" sc="13" el="797" ec="48" bec="0" bev="0" fileid="4" />
                <SequencePoint vc="1" uspid="447" ordinal="358" offset="8550" sl="798" sc="13" el="798" ec="49" bec="0" bev="0" fileid="4" />
                <SequencePoint vc="1" uspid="448" ordinal="359" offset="8568" sl="799" sc="13" el="799" ec="47" bec="0" bev="0" fileid="4" />
                <SequencePoint vc="1" uspid="449" ordinal="360" offset="8586" sl="800" sc="13" el="800" ec="36" bec="0" bev="0" fileid="4" />
                <SequencePoint vc="1" uspid="450" ordinal="361" offset="8594" sl="801" sc="13" el="801" ec="49" bec="0" bev="0" fileid="4" />
                <SequencePoint vc="1" uspid="451" ordinal="362" offset="8607" sl="802" sc="13" el="802" ec="36" bec="0" bev="0" fileid="4" />
                <SequencePoint vc="1" uspid="452" ordinal="363" offset="8619" sl="803" sc="13" el="803" ec="44" bec="0" bev="0" fileid="4" />
                <SequencePoint vc="1" uspid="453" ordinal="364" offset="8631" sl="804" sc="13" el="804" ec="48" bec="0" bev="0" fileid="4" />
                <SequencePoint vc="1" uspid="454" ordinal="365" offset="8644" sl="805" sc="13" el="805" ec="44" bec="0" bev="0" fileid="4" />
                <SequencePoint vc="1" uspid="455" ordinal="366" offset="8656" sl="806" sc="13" el="806" ec="50" bec="0" bev="0" fileid="4" />
                <SequencePoint vc="1" uspid="456" ordinal="367" offset="8669" sl="807" sc="13" el="807" ec="46" bec="0" bev="0" fileid="4" />
                <SequencePoint vc="1" uspid="457" ordinal="368" offset="8681" sl="808" sc="13" el="808" ec="56" bec="0" bev="0" fileid="4" />
                <SequencePoint vc="1" uspid="458" ordinal="369" offset="8694" sl="809" sc="13" el="809" ec="38" bec="0" bev="0" fileid="4" />
                <SequencePoint vc="1" uspid="459" ordinal="370" offset="8702" sl="810" sc="13" el="810" ec="34" bec="0" bev="0" fileid="4" />
                <SequencePoint vc="1" uspid="460" ordinal="371" offset="8709" sl="812" sc="9" el="812" ec="10" bec="0" bev="0" fileid="4" />
              </SequencePoints>
              <BranchPoints />
              <MethodPoint xsi:type="SequencePoint" vc="1" uspid="89" ordinal="0" offset="0" sl="30" sc="9" el="30" ec="10" bec="0" bev="0" fileid="4" />
            </Method>
          </Methods>
        </Class>
        <Class>
          <Summary numSequencePoints="0" visitedSequencePoints="0" numBranchPoints="0" visitedBranchPoints="0" sequenceCoverage="0" branchCoverage="0" maxCyclomaticComplexity="0" minCyclomaticComplexity="0" visitedClasses="0" numClasses="0" visitedMethods="0" numMethods="0" />
          <FullName>TestApplication.MainForm/ProcessBookDelegate</FullName>
          <Methods>
            <Method skippedDueTo="Unknown" visited="false" cyclomaticComplexity="0" sequenceCoverage="0" branchCoverage="0" isConstructor="true" isStatic="false" isGetter="false" isSetter="false">
              <MetadataToken>100663313</MetadataToken>
              <Name>System.Void TestApplication.MainForm/ProcessBookDelegate::.ctor(System.Object,System.IntPtr)</Name>
            </Method>
            <Method skippedDueTo="Unknown" visited="false" cyclomaticComplexity="0" sequenceCoverage="0" branchCoverage="0" isConstructor="false" isStatic="false" isGetter="false" isSetter="false">
              <MetadataToken>100663314</MetadataToken>
              <Name>System.Void TestApplication.MainForm/ProcessBookDelegate::Invoke()</Name>
            </Method>
            <Method skippedDueTo="Unknown" visited="false" cyclomaticComplexity="0" sequenceCoverage="0" branchCoverage="0" isConstructor="false" isStatic="false" isGetter="false" isSetter="false">
              <MetadataToken>100663315</MetadataToken>
              <Name>System.IAsyncResult TestApplication.MainForm/ProcessBookDelegate::BeginInvoke(System.AsyncCallback,System.Object)</Name>
            </Method>
            <Method skippedDueTo="Unknown" visited="false" cyclomaticComplexity="0" sequenceCoverage="0" branchCoverage="0" isConstructor="false" isStatic="false" isGetter="false" isSetter="false">
              <MetadataToken>100663316</MetadataToken>
              <Name>System.Void TestApplication.MainForm/ProcessBookDelegate::EndInvoke(System.IAsyncResult)</Name>
            </Method>
          </Methods>
        </Class>
        <Class>
          <Summary numSequencePoints="5" visitedSequencePoints="5" numBranchPoints="1" visitedBranchPoints="1" sequenceCoverage="100" branchCoverage="100" maxCyclomaticComplexity="1" minCyclomaticComplexity="1" visitedClasses="1" numClasses="1" visitedMethods="1" numMethods="1" />
          <FullName>TestApplication.Program</FullName>
          <Methods>
            <Method visited="true" cyclomaticComplexity="1" sequenceCoverage="100" branchCoverage="100" isConstructor="false" isStatic="true" isGetter="false" isSetter="false">
              <Summary numSequencePoints="5" visitedSequencePoints="5" numBranchPoints="1" visitedBranchPoints="1" sequenceCoverage="100" branchCoverage="100" maxCyclomaticComplexity="1" minCyclomaticComplexity="1" visitedClasses="0" numClasses="0" visitedMethods="1" numMethods="1" />
              <MetadataToken>100663317</MetadataToken>
              <Name>System.Void TestApplication.Program::Main()</Name>
              <FileRef uid="5" />
              <SequencePoints>
                <SequencePoint vc="1" uspid="461" ordinal="0" offset="0" sl="16" sc="9" el="16" ec="10" bec="0" bev="0" fileid="5" />
                <SequencePoint vc="1" uspid="462" ordinal="1" offset="1" sl="17" sc="13" el="17" ec="46" bec="0" bev="0" fileid="5" />
                <SequencePoint vc="1" uspid="463" ordinal="2" offset="7" sl="18" sc="13" el="18" ec="66" bec="0" bev="0" fileid="5" />
                <SequencePoint vc="1" uspid="464" ordinal="3" offset="14" sl="19" sc="13" el="19" ec="45" bec="0" bev="0" fileid="5" />
                <SequencePoint vc="1" uspid="465" ordinal="4" offset="25" sl="20" sc="9" el="20" ec="10" bec="0" bev="0" fileid="5" />
              </SequencePoints>
              <BranchPoints />
              <MethodPoint xsi:type="SequencePoint" vc="1" uspid="461" ordinal="0" offset="0" sl="16" sc="9" el="16" ec="10" bec="0" bev="0" fileid="5" />
            </Method>
          </Methods>
        </Class>
        <Class>
          <Summary numSequencePoints="17" visitedSequencePoints="0" numBranchPoints="6" visitedBranchPoints="0" sequenceCoverage="0" branchCoverage="0" maxCyclomaticComplexity="2" minCyclomaticComplexity="1" visitedClasses="0" numClasses="1" visitedMethods="0" numMethods="4" />
          <FullName>TestApplication.Properties.Resources</FullName>
          <Methods>
            <Method visited="false" cyclomaticComplexity="2" sequenceCoverage="0" branchCoverage="0" isConstructor="false" isStatic="true" isGetter="true" isSetter="false">
              <Summary numSequencePoints="8" visitedSequencePoints="0" numBranchPoints="3" visitedBranchPoints="0" sequenceCoverage="0" branchCoverage="0" maxCyclomaticComplexity="2" minCyclomaticComplexity="2" visitedClasses="0" numClasses="0" visitedMethods="0" numMethods="1" />
              <MetadataToken>100663319</MetadataToken>
              <Name>System.Resources.ResourceManager TestApplication.Properties.Resources::get_ResourceManager()</Name>
              <FileRef uid="6" />
              <SequencePoints>
                <SequencePoint vc="0" uspid="466" ordinal="0" offset="0" sl="44" sc="13" el="44" ec="14" bec="0" bev="0" fileid="6" />
                <SequencePoint vc="0" uspid="467" ordinal="1" offset="1" sl="45" sc="17" el="45" ec="43" bec="2" bev="0" fileid="6" />
                <SequencePoint vc="0" uspid="468" ordinal="2" offset="16" sl="46" sc="17" el="46" ec="18" bec="0" bev="0" fileid="6" />
                <SequencePoint vc="0" uspid="469" ordinal="3" offset="17" sl="47" sc="21" el="47" ec="182" bec="0" bev="0" fileid="6" />
                <SequencePoint vc="0" uspid="470" ordinal="4" offset="43" sl="48" sc="21" el="48" ec="40" bec="0" bev="0" fileid="6" />
                <SequencePoint vc="0" uspid="471" ordinal="5" offset="49" sl="49" sc="17" el="49" ec="18" bec="0" bev="0" fileid="6" />
                <SequencePoint vc="0" uspid="472" ordinal="6" offset="50" sl="50" sc="17" el="50" ec="36" bec="0" bev="0" fileid="6" />
                <SequencePoint vc="0" uspid="473" ordinal="7" offset="58" sl="51" sc="13" el="51" ec="14" bec="0" bev="0" fileid="6" />
              </SequencePoints>
              <BranchPoints>
                <BranchPoint vc="0" uspid="474" ordinal="0" offset="14" sl="45" path="0" offsetend="16" fileid="6" />
                <BranchPoint vc="0" uspid="475" ordinal="1" offset="14" sl="45" path="1" offsetend="50" fileid="6" />
              </BranchPoints>
              <MethodPoint xsi:type="SequencePoint" vc="0" uspid="466" ordinal="0" offset="0" sl="44" sc="13" el="44" ec="14" bec="0" bev="0" fileid="6" />
            </Method>
            <Method visited="false" cyclomaticComplexity="1" sequenceCoverage="0" branchCoverage="0" isConstructor="false" isStatic="true" isGetter="true" isSetter="false">
              <Summary numSequencePoints="3" visitedSequencePoints="0" numBranchPoints="1" visitedBranchPoints="0" sequenceCoverage="0" branchCoverage="0" maxCyclomaticComplexity="1" minCyclomaticComplexity="1" visitedClasses="0" numClasses="0" visitedMethods="0" numMethods="1" />
              <MetadataToken>100663320</MetadataToken>
              <Name>System.Globalization.CultureInfo TestApplication.Properties.Resources::get_Culture()</Name>
              <FileRef uid="6" />
              <SequencePoints>
                <SequencePoint vc="0" uspid="476" ordinal="0" offset="0" sl="62" sc="13" el="62" ec="14" bec="0" bev="0" fileid="6" />
                <SequencePoint vc="0" uspid="477" ordinal="1" offset="1" sl="63" sc="17" el="63" ec="40" bec="0" bev="0" fileid="6" />
                <SequencePoint vc="0" uspid="478" ordinal="2" offset="9" sl="64" sc="13" el="64" ec="14" bec="0" bev="0" fileid="6" />
              </SequencePoints>
              <BranchPoints />
              <MethodPoint xsi:type="SequencePoint" vc="0" uspid="476" ordinal="0" offset="0" sl="62" sc="13" el="62" ec="14" bec="0" bev="0" fileid="6" />
            </Method>
            <Method visited="false" cyclomaticComplexity="1" sequenceCoverage="0" branchCoverage="0" isConstructor="false" isStatic="true" isGetter="false" isSetter="true">
              <Summary numSequencePoints="3" visitedSequencePoints="0" numBranchPoints="1" visitedBranchPoints="0" sequenceCoverage="0" branchCoverage="0" maxCyclomaticComplexity="1" minCyclomaticComplexity="1" visitedClasses="0" numClasses="0" visitedMethods="0" numMethods="1" />
              <MetadataToken>100663321</MetadataToken>
              <Name>System.Void TestApplication.Properties.Resources::set_Culture(System.Globalization.CultureInfo)</Name>
              <FileRef uid="6" />
              <SequencePoints>
                <SequencePoint vc="0" uspid="479" ordinal="0" offset="0" sl="66" sc="13" el="66" ec="14" bec="0" bev="0" fileid="6" />
                <SequencePoint vc="0" uspid="480" ordinal="1" offset="1" sl="67" sc="17" el="67" ec="41" bec="0" bev="0" fileid="6" />
                <SequencePoint vc="0" uspid="481" ordinal="2" offset="7" sl="68" sc="13" el="68" ec="14" bec="0" bev="0" fileid="6" />
              </SequencePoints>
              <BranchPoints />
              <MethodPoint xsi:type="SequencePoint" vc="0" uspid="479" ordinal="0" offset="0" sl="66" sc="13" el="66" ec="14" bec="0" bev="0" fileid="6" />
            </Method>
            <Method visited="false" cyclomaticComplexity="1" sequenceCoverage="0" branchCoverage="0" isConstructor="true" isStatic="false" isGetter="false" isSetter="false">
              <Summary numSequencePoints="3" visitedSequencePoints="0" numBranchPoints="1" visitedBranchPoints="0" sequenceCoverage="0" branchCoverage="0" maxCyclomaticComplexity="1" minCyclomaticComplexity="1" visitedClasses="0" numClasses="0" visitedMethods="0" numMethods="1" />
              <MetadataToken>100663318</MetadataToken>
              <Name>System.Void TestApplication.Properties.Resources::.ctor()</Name>
              <FileRef uid="6" />
              <SequencePoints>
                <SequencePoint vc="0" uspid="482" ordinal="0" offset="0" sl="32" sc="9" el="33" ec="29" bec="0" bev="0" fileid="6" />
                <SequencePoint vc="0" uspid="483" ordinal="1" offset="7" sl="34" sc="9" el="34" ec="10" bec="0" bev="0" fileid="6" />
                <SequencePoint vc="0" uspid="484" ordinal="2" offset="8" sl="35" sc="9" el="35" ec="10" bec="0" bev="0" fileid="6" />
              </SequencePoints>
              <BranchPoints />
              <MethodPoint xsi:type="SequencePoint" vc="0" uspid="482" ordinal="0" offset="0" sl="32" sc="9" el="33" ec="29" bec="0" bev="0" fileid="6" />
            </Method>
          </Methods>
        </Class>
        <Class>
          <Summary numSequencePoints="4" visitedSequencePoints="0" numBranchPoints="2" visitedBranchPoints="0" sequenceCoverage="0" branchCoverage="0" maxCyclomaticComplexity="1" minCyclomaticComplexity="1" visitedClasses="0" numClasses="1" visitedMethods="0" numMethods="2" />
          <FullName>TestApplication.Properties.Settings</FullName>
          <Methods>
            <Method visited="false" cyclomaticComplexity="1" sequenceCoverage="0" branchCoverage="0" isConstructor="false" isStatic="true" isGetter="true" isSetter="false">
              <Summary numSequencePoints="3" visitedSequencePoints="0" numBranchPoints="1" visitedBranchPoints="0" sequenceCoverage="0" branchCoverage="0" maxCyclomaticComplexity="1" minCyclomaticComplexity="1" visitedClasses="0" numClasses="0" visitedMethods="0" numMethods="1" />
              <MetadataToken>100663322</MetadataToken>
              <Name>TestApplication.Properties.Settings TestApplication.Properties.Settings::get_Default()</Name>
              <FileRef uid="7" />
              <SequencePoints>
                <SequencePoint vc="0" uspid="485" ordinal="0" offset="0" sl="25" sc="13" el="25" ec="14" bec="0" bev="0" fileid="7" />
                <SequencePoint vc="0" uspid="486" ordinal="1" offset="1" sl="26" sc="17" el="26" ec="40" bec="0" bev="0" fileid="7" />
                <SequencePoint vc="0" uspid="487" ordinal="2" offset="9" sl="27" sc="13" el="27" ec="14" bec="0" bev="0" fileid="7" />
              </SequencePoints>
              <BranchPoints />
              <MethodPoint xsi:type="SequencePoint" vc="0" uspid="485" ordinal="0" offset="0" sl="25" sc="13" el="25" ec="14" bec="0" bev="0" fileid="7" />
            </Method>
            <Method visited="false" cyclomaticComplexity="1" sequenceCoverage="0" branchCoverage="0" isConstructor="true" isStatic="false" isGetter="false" isSetter="false">
              <Summary numSequencePoints="0" visitedSequencePoints="0" numBranchPoints="0" visitedBranchPoints="0" sequenceCoverage="0" branchCoverage="0" maxCyclomaticComplexity="1" minCyclomaticComplexity="1" visitedClasses="0" numClasses="0" visitedMethods="0" numMethods="0" />
              <MetadataToken>100663323</MetadataToken>
              <Name>System.Void TestApplication.Properties.Settings::.ctor()</Name>
              <SequencePoints />
              <BranchPoints />
              <MethodPoint vc="0" uspid="488" ordinal="0" offset="0" />
            </Method>
            <Method visited="false" cyclomaticComplexity="1" sequenceCoverage="0" branchCoverage="0" isConstructor="true" isStatic="true" isGetter="false" isSetter="false">
              <Summary numSequencePoints="1" visitedSequencePoints="0" numBranchPoints="1" visitedBranchPoints="0" sequenceCoverage="0" branchCoverage="0" maxCyclomaticComplexity="1" minCyclomaticComplexity="1" visitedClasses="0" numClasses="0" visitedMethods="0" numMethods="1" />
              <MetadataToken>100663324</MetadataToken>
              <Name>System.Void TestApplication.Properties.Settings::.cctor()</Name>
              <FileRef uid="7" />
              <SequencePoints>
                <SequencePoint vc="0" uspid="489" ordinal="0" offset="0" sl="20" sc="9" el="20" ec="147" bec="0" bev="0" fileid="7" />
              </SequencePoints>
              <BranchPoints />
              <MethodPoint xsi:type="SequencePoint" vc="0" uspid="489" ordinal="0" offset="0" sl="20" sc="9" el="20" ec="147" bec="0" bev="0" fileid="7" />
            </Method>
          </Methods>
        </Class>
      </Classes>
    </Module>
    <Module skippedDueTo="Filter" hash="8F-62-B4-14-21-CF-C8-F6-52-4B-B9-60-24-2C-44-65-02-24-EC-5A">
      <FullName>C:\Windows\Microsoft.Net\assembly\GAC_MSIL\System.Windows.Forms\v4.0_4.0.0.0__b77a5c561934e089\System.Windows.Forms.dll</FullName>
      <ModuleName>System.Windows.Forms</ModuleName>
      <Classes />
    </Module>
    <Module skippedDueTo="Filter" hash="38-4A-D4-CE-0C-44-E3-14-2E-0C-38-16-21-36-08-FC-9E-19-4A-F0">
      <FullName>C:\Windows\Microsoft.Net\assembly\GAC_MSIL\System\v4.0_4.0.0.0__b77a5c561934e089\System.dll</FullName>
      <ModuleName>System</ModuleName>
      <Classes />
    </Module>
    <Module skippedDueTo="Filter" hash="01-51-20-E0-0E-42-28-87-DB-68-07-64-21-3F-DF-47-B4-77-2B-D6">
      <FullName>C:\Windows\Microsoft.Net\assembly\GAC_MSIL\System.Drawing\v4.0_4.0.0.0__b03f5f7f11d50a3a\System.Drawing.dll</FullName>
      <ModuleName>System.Drawing</ModuleName>
      <Classes />
    </Module>
    <Module skippedDueTo="Filter" hash="2F-7D-13-34-38-47-6A-D8-A6-85-0A-2A-97-3C-93-B2-CD-20-01-5F">
      <FullName>C:\Windows\Microsoft.Net\assembly\GAC_MSIL\System.Configuration\v4.0_4.0.0.0__b03f5f7f11d50a3a\System.Configuration.dll</FullName>
      <ModuleName>System.Configuration</ModuleName>
      <Classes />
    </Module>
    <Module skippedDueTo="Filter" hash="36-6D-BE-CC-C6-8D-5C-6B-D8-CE-E3-42-E9-1D-D1-3D-6E-FD-D9-5C">
      <FullName>C:\Windows\Microsoft.Net\assembly\GAC_MSIL\System.Xml\v4.0_4.0.0.0__b77a5c561934e089\System.Xml.dll</FullName>
      <ModuleName>System.Xml</ModuleName>
      <Classes />
    </Module>
    <Module skippedDueTo="MissingPdb" hash="65-E4-41-F7-AA-84-0F-0C-A8-95-4F-90-6B-E2-03-65-A4-08-1B-CE">
      <FullName>C:\Windows\Microsoft.Net\assembly\GAC_MSIL\Accessibility\v4.0_4.0.0.0__b03f5f7f11d50a3a\Accessibility.dll</FullName>
      <ModuleName>Accessibility</ModuleName>
      <Classes />
    </Module>
  </Modules>
</CoverageSession>